
> data-viewer@0.1.0 predeploy /Users/paulologeh/Repos/ISP-Speed/data-viewer
> npm run build


> data-viewer@0.1.0 build /Users/paulologeh/Repos/ISP-Speed/data-viewer
> react-scripts build

Creating an optimized production build...
Compiled with warnings.

src/App.js
  Line 2:72:  'Icon' is defined but never used  no-unused-vars

Search for the keywords to learn more about each warning.
To ignore, add // eslint-disable-next-line to the line before.

File sizes after gzip:

  163.74 KB  build/static/js/2.5ca2b1ad.chunk.js
  96.45 KB   build/static/css/2.47d213bd.chunk.css
  4.45 KB    build/static/js/main.c621b986.chunk.js
  1.4 KB     build/static/js/3.790b3405.chunk.js
  1.18 KB    build/static/js/runtime-main.00a4ac20.js
  566 B      build/static/css/main.0a16893f.chunk.css

The project was built assuming it is hosted at /ISP-Speed/.
You can control this with the homepage field in your package.json.

The build folder is ready to be deployed.

Find out more about deployment here:

  https://cra.link/deployment


> data-viewer@0.1.0 deploy /Users/paulologeh/Repos/ISP-Speed/data-viewer
> gh-pages -d build


> data-viewer@0.1.0 predeploy /Users/paulologeh/Repos/ISP-Speed/data-viewer
> npm run build


> data-viewer@0.1.0 build /Users/paulologeh/Repos/ISP-Speed/data-viewer
> react-scripts build

Creating an optimized production build...
Compiled with warnings.

src/App.js
  Line 2:72:  'Icon' is defined but never used  no-unused-vars

Search for the keywords to learn more about each warning.
To ignore, add // eslint-disable-next-line to the line before.

File sizes after gzip:

  163.74 KB  build/static/js/2.5ca2b1ad.chunk.js
  96.45 KB   build/static/css/2.47d213bd.chunk.css
  4.45 KB    build/static/js/main.c621b986.chunk.js
  1.4 KB     build/static/js/3.790b3405.chunk.js
  1.18 KB    build/static/js/runtime-main.00a4ac20.js
  566 B      build/static/css/main.0a16893f.chunk.css

The project was built assuming it is hosted at /ISP-Speed/.
You can control this with the homepage field in your package.json.

The build folder is ready to be deployed.

Find out more about deployment here:

  https://cra.link/deployment


> data-viewer@0.1.0 deploy /Users/paulologeh/Repos/ISP-Speed/data-viewer
> gh-pages -d build

