06/19/20:21:41:03 Running job 1
06/19/20:21:41:03 Attempting speed test
06/19/20:21:41:03 Speed test completed
06/19/20:21:41:26 Running job 2
06/19/20:21:41:26 Attempting speed test
06/19/20:21:41:26 Speed test completed
06/19/20:21:41:50 Running job 3
06/19/20:21:41:50 Attempting speed test
06/19/20:21:41:50 Speed test completed
06/19/20:22:00:01 Running job 1
06/19/20:22:00:01 Attempting speed test
06/19/20:22:00:01 Speed test completed
06/19/20:22:00:30 Running job 2
06/19/20:22:00:30 Attempting speed test
06/19/20:22:00:30 Speed test completed
06/19/20:22:00:56 Running job 3
06/19/20:22:00:56 Attempting speed test
06/19/20:22:00:56 Speed test completed
06/19/20:23:00:00 Running job 1
06/19/20:23:00:00 Attempting speed test
06/19/20:23:00:00 Speed test completed
06/19/20:23:00:23 Running job 2
06/19/20:23:00:23 Attempting speed test
06/19/20:23:00:23 Speed test completed
06/19/20:23:00:47 Running job 3
06/19/20:23:00:47 Attempting speed test
06/19/20:23:00:47 Speed test completed
06/20/20:00:00:00 Running job 1
06/20/20:00:00:00 Attempting speed test
06/20/20:00:00:00 Speed test completed
06/20/20:00:00:25 Running job 2
06/20/20:00:00:25 Attempting speed test
06/20/20:00:00:25 Speed test completed
06/20/20:00:00:49 Running job 3
06/20/20:00:00:49 Attempting speed test
06/20/20:00:00:49 Speed test completed
06/20/20:01:00:00 Running job 1
06/20/20:01:00:00 Attempting speed test
06/20/20:01:00:00 Speed test completed
06/20/20:01:00:28 Running job 2
06/20/20:01:00:28 Attempting speed test
06/20/20:01:00:28 Speed test completed
06/20/20:01:00:55 Running job 3
06/20/20:01:00:55 Attempting speed test
06/20/20:01:00:55 Speed test completed
06/20/20:02:00:00 Running job 1
06/20/20:02:00:00 Attempting speed test
06/20/20:02:00:00 Speed test completed
06/20/20:02:00:24 Running job 2
06/20/20:02:00:24 Attempting speed test
06/20/20:02:00:24 Speed test completed
06/20/20:02:00:48 Running job 3
06/20/20:02:00:48 Attempting speed test
06/20/20:02:00:48 Speed test completed
06/20/20:03:00:01 Running job 1
06/20/20:03:00:01 Attempting speed test
06/20/20:03:00:01 Speed test completed
06/20/20:03:00:25 Running job 2
06/20/20:03:00:25 Attempting speed test
06/20/20:03:00:25 Speed test completed
06/20/20:03:00:50 Running job 3
06/20/20:03:00:50 Attempting speed test
06/20/20:03:00:50 Internet connection down
06/20/20:08:00:00 Running job 1
06/20/20:08:00:00 Attempting speed test
06/20/20:08:00:00 Speed test completed
06/20/20:08:00:24 Running job 2
06/20/20:08:00:24 Attempting speed test
06/20/20:08:00:24 Speed test completed
06/20/20:08:00:48 Running job 3
06/20/20:08:00:48 Attempting speed test
06/20/20:08:00:48 Speed test completed
06/20/20:09:00:00 Running job 1
06/20/20:09:00:00 Attempting speed test
06/20/20:09:00:00 Speed test completed
06/20/20:09:00:25 Running job 2
06/20/20:09:00:25 Attempting speed test
06/20/20:09:00:25 Speed test completed
06/20/20:09:00:49 Running job 3
06/20/20:09:00:49 Attempting speed test
06/20/20:09:00:49 Speed test completed
06/20/20:10:00:00 Running job 1
06/20/20:10:00:00 Attempting speed test
06/20/20:10:00:00 Speed test completed
06/20/20:10:00:26 Running job 2
06/20/20:10:00:26 Attempting speed test
06/20/20:10:00:26 Speed test completed
06/20/20:10:00:50 Running job 3
06/20/20:10:00:50 Attempting speed test
06/20/20:10:00:50 Speed test completed
06/20/20:11:00:00 Running job 1
06/20/20:11:00:00 Attempting speed test
06/20/20:11:00:00 Speed test completed
06/20/20:11:00:33 Running job 2
06/20/20:11:00:33 Attempting speed test
06/20/20:11:00:33 Speed test completed
06/20/20:11:00:57 Running job 3
06/20/20:11:00:57 Attempting speed test
06/20/20:11:00:57 Speed test completed
06/20/20:12:00:00 Running job 1
06/20/20:12:00:00 Attempting speed test
06/20/20:12:00:00 Speed test completed
06/20/20:12:00:32 Running job 2
06/20/20:12:00:32 Attempting speed test
06/20/20:12:00:32 Speed test completed
06/20/20:12:00:58 Running job 3
06/20/20:12:00:58 Attempting speed test
06/20/20:12:00:58 Speed test completed
06/20/20:13:00:00 Running job 1
06/20/20:13:00:00 Attempting speed test
06/20/20:13:00:00 Speed test completed
06/20/20:13:00:23 Running job 2
06/20/20:13:00:23 Attempting speed test
06/20/20:13:00:23 Speed test completed
06/20/20:13:00:47 Running job 3
06/20/20:13:00:47 Attempting speed test
06/20/20:13:00:47 Speed test completed
06/20/20:14:00:00 Running job 1
06/20/20:14:00:00 Attempting speed test
06/20/20:14:00:00 Speed test completed
06/20/20:14:00:30 Running job 2
06/20/20:14:00:30 Attempting speed test
06/20/20:14:00:30 Speed test completed
06/20/20:14:00:53 Running job 3
06/20/20:14:00:53 Attempting speed test
06/20/20:14:00:53 Speed test completed
06/20/20:15:00:00 Running job 1
06/20/20:15:00:00 Attempting speed test
06/20/20:15:00:00 Speed test completed
06/20/20:15:00:24 Running job 2
06/20/20:15:00:24 Attempting speed test
06/20/20:15:00:24 Speed test completed
06/20/20:15:00:50 Running job 3
06/20/20:15:00:50 Attempting speed test
06/20/20:15:00:50 Speed test completed
06/20/20:16:00:00 Running job 1
06/20/20:16:00:00 Attempting speed test
06/20/20:16:00:00 Speed test completed
06/20/20:16:00:24 Running job 2
06/20/20:16:00:24 Attempting speed test
06/20/20:16:00:24 Speed test completed
06/20/20:16:00:48 Running job 3
06/20/20:16:00:48 Attempting speed test
06/20/20:16:00:48 Speed test completed
06/20/20:17:00:00 Running job 1
06/20/20:17:00:00 Attempting speed test
06/20/20:17:00:00 Speed test completed
06/20/20:17:00:24 Running job 2
06/20/20:17:00:24 Attempting speed test
06/20/20:17:00:24 Speed test completed
06/20/20:17:00:48 Running job 3
06/20/20:17:00:48 Attempting speed test
06/20/20:17:00:48 Speed test completed
06/20/20:18:00:01 Running job 1
06/20/20:18:00:01 Attempting speed test
06/20/20:18:00:01 Speed test completed
06/20/20:18:00:24 Running job 2
06/20/20:18:00:24 Attempting speed test
06/20/20:18:00:24 Speed test completed
06/20/20:18:00:47 Running job 3
06/20/20:18:00:47 Attempting speed test
06/20/20:18:00:47 Speed test completed
06/20/20:19:00:00 Running job 1
06/20/20:19:00:00 Attempting speed test
06/20/20:19:00:00 Speed test completed
06/20/20:19:00:25 Running job 2
06/20/20:19:00:25 Attempting speed test
06/20/20:19:00:25 Speed test completed
06/20/20:19:00:49 Running job 3
06/20/20:19:00:49 Attempting speed test
06/20/20:19:00:49 Speed test completed
06/20/20:20:00:00 Running job 1
06/20/20:20:00:00 Attempting speed test
06/20/20:20:00:00 Speed test completed
06/20/20:20:00:26 Running job 2
06/20/20:20:00:26 Attempting speed test
06/20/20:20:00:26 Speed test completed
06/20/20:20:00:49 Running job 3
06/20/20:20:00:49 Attempting speed test
06/20/20:20:00:49 Speed test completed
06/20/20:21:00:00 Running job 1
06/20/20:21:00:00 Attempting speed test
06/20/20:21:00:00 Speed test completed
06/20/20:21:00:25 Running job 2
06/20/20:21:00:25 Attempting speed test
06/20/20:21:00:25 Speed test completed
06/20/20:21:00:50 Running job 3
06/20/20:21:00:50 Attempting speed test
06/20/20:21:00:50 Speed test completed
06/20/20:22:00:00 Running job 1
06/20/20:22:00:00 Attempting speed test
06/20/20:22:00:00 Speed test completed
06/20/20:22:00:29 Running job 2
06/20/20:22:00:29 Attempting speed test
06/20/20:22:00:29 Speed test completed
06/20/20:22:00:56 Running job 3
06/20/20:22:00:56 Attempting speed test
06/20/20:22:00:56 Speed test completed
06/20/20:22:06:11 Running job 1
06/20/20:22:06:11 Attempting speed test
06/20/20:22:06:11 Speed test completed
06/20/20:22:06:35 Running job 2
06/20/20:22:06:35 Attempting speed test
06/20/20:22:06:35 Speed test completed
06/20/20:22:06:58 Running job 3
06/20/20:22:06:58 Attempting speed test
06/20/20:22:06:58 Speed test completed
06/20/20:22:21:45 Running job 1
06/20/20:22:21:45 Attempting speed test
06/20/20:22:21:45 Speed test completed
06/20/20:22:22:15 Running job 2
06/20/20:22:22:15 Attempting speed test
06/20/20:22:22:15 Internet connection down
06/20/20:22:22:16 Running job 3
06/20/20:22:22:16 Attempting speed test
06/20/20:22:22:16 Internet connection down
06/20/20:22:22:50 Running job 1
06/20/20:22:22:50 Attempting speed test
06/20/20:22:22:50 Speed test completed
06/20/20:22:23:30 Running job 2
06/20/20:22:23:30 Attempting speed test
06/20/20:22:23:30 Speed test completed
06/20/20:22:24:01 Running job 3
06/20/20:22:24:01 Attempting speed test
06/20/20:22:24:01 Speed test completed
06/20/20:22:24:43 Running job 1
06/20/20:22:24:43 Attempting speed test
06/20/20:22:24:43 Speed test completed
06/20/20:22:25:06 Running job 2
06/20/20:22:25:06 Attempting speed test
06/20/20:22:25:06 Speed test completed
06/20/20:22:25:31 Running job 3
06/20/20:22:25:31 Attempting speed test
06/20/20:22:25:31 Speed test completed
06/20/20:22:52:49 Running job 1
06/20/20:22:52:49 Attempting speed test
06/20/20:22:52:49 Speed test completed
06/20/20:22:53:12 Running job 2
06/20/20:22:53:12 Attempting speed test
06/20/20:22:53:12 Speed test completed
06/20/20:22:53:36 Running job 3
06/20/20:22:53:36 Attempting speed test
06/20/20:22:53:36 Speed test completed
06/20/20:23:00:00 Running job 1
06/20/20:23:00:00 Attempting speed test
06/20/20:23:00:00 Speed test completed
06/20/20:23:00:25 Running job 2
06/20/20:23:00:25 Attempting speed test
06/20/20:23:00:25 Speed test completed
06/20/20:23:00:49 Running job 3
06/20/20:23:00:49 Attempting speed test
06/20/20:23:00:49 Speed test completed
06/21/20:01:00:00 Running job 1
06/21/20:01:00:00 Attempting speed test
06/21/20:01:00:00 Speed test completed
06/21/20:01:00:26 Running job 2
06/21/20:01:00:26 Attempting speed test
06/21/20:01:00:26 Speed test completed
06/21/20:01:00:49 Running job 3
06/21/20:01:00:49 Attempting speed test
06/21/20:01:00:49 Speed test completed
06/21/20:01:38:27 Running job 1
06/21/20:01:38:27 Attempting speed test
06/21/20:01:38:27 Internet connection down
06/21/20:01:38:28 Running job 2
06/21/20:01:38:28 Attempting speed test
06/21/20:01:38:28 Internet connection down
06/21/20:01:38:29 Running job 3
06/21/20:01:38:29 Attempting speed test
06/21/20:01:38:29 Speed test completed
06/21/20:02:00:00 Running job 1
06/21/20:02:00:00 Attempting speed test
06/21/20:02:00:00 Speed test completed
06/21/20:02:00:25 Running job 2
06/21/20:02:00:25 Attempting speed test
06/21/20:02:00:25 Speed test completed
06/21/20:02:00:49 Running job 3
06/21/20:02:00:49 Attempting speed test
06/21/20:02:00:49 Speed test completed
06/21/20:03:00:00 Running job 1
06/21/20:03:00:00 Attempting speed test
06/21/20:03:00:00 Speed test completed
06/21/20:03:00:25 Running job 2
06/21/20:03:00:25 Attempting speed test
06/21/20:03:00:25 Speed test completed
06/21/20:03:00:49 Running job 3
06/21/20:03:00:49 Attempting speed test
06/21/20:03:00:49 Speed test completed
06/21/20:04:00:00 Running job 1
06/21/20:04:00:00 Attempting speed test
06/21/20:04:00:00 Speed test completed
06/21/20:04:00:24 Running job 2
06/21/20:04:00:24 Attempting speed test
06/21/20:04:00:24 Speed test completed
06/21/20:04:00:47 Running job 3
06/21/20:04:00:47 Attempting speed test
06/21/20:04:00:47 Speed test completed
06/21/20:05:00:00 Running job 1
06/21/20:05:00:00 Attempting speed test
06/21/20:05:00:00 Speed test completed
06/21/20:05:00:25 Running job 2
06/21/20:05:00:25 Attempting speed test
06/21/20:05:00:25 Speed test completed
06/21/20:05:00:49 Running job 3
06/21/20:05:00:49 Attempting speed test
06/21/20:05:00:49 Speed test completed
06/21/20:09:04:00 Running job 1
06/21/20:09:04:00 Attempting speed test
06/21/20:09:04:00 Speed test completed
06/21/20:09:04:26 Running job 2
06/21/20:09:04:26 Attempting speed test
06/21/20:09:04:26 Speed test completed
06/21/20:09:04:51 Running job 3
06/21/20:09:04:51 Attempting speed test
06/21/20:09:04:51 Speed test completed
06/21/20:10:00:00 Running job 1
06/21/20:10:00:00 Attempting speed test
06/21/20:10:00:00 Speed test completed
06/21/20:10:00:31 Running job 2
06/21/20:10:00:31 Attempting speed test
06/21/20:10:00:31 Speed test completed
06/21/20:10:01:02 Running job 3
06/21/20:10:01:02 Attempting speed test
06/21/20:10:01:02 Speed test completed
06/21/20:11:00:00 Running job 1
06/21/20:11:00:00 Attempting speed test
06/21/20:11:00:00 Speed test completed
06/21/20:11:00:29 Running job 2
06/21/20:11:00:29 Attempting speed test
06/21/20:11:00:29 Speed test completed
06/21/20:11:00:56 Running job 3
06/21/20:11:00:56 Attempting speed test
06/21/20:11:00:56 Speed test completed
06/21/20:12:00:00 Running job 1
06/21/20:12:00:00 Attempting speed test
06/21/20:12:00:00 Internet connection down
06/21/20:12:05:02 Running job 2
06/21/20:12:05:02 Attempting speed test
06/21/20:12:05:02 Internet connection down
06/21/20:12:05:32 Running job 3
06/21/20:12:05:32 Attempting speed test
06/21/20:12:05:32 Internet connection down
06/21/20:13:00:00 Running job 1
06/21/20:13:00:00 Attempting speed test
06/21/20:13:00:00 Speed test completed
06/21/20:13:00:25 Running job 2
06/21/20:13:00:25 Attempting speed test
06/21/20:13:00:25 Speed test completed
06/21/20:13:00:54 Running job 3
06/21/20:13:00:54 Attempting speed test
06/21/20:13:00:54 Speed test completed
06/21/20:17:00:00 Running job 1
06/21/20:17:00:00 Attempting speed test
06/21/20:17:00:00 Speed test completed
06/21/20:17:00:31 Running job 2
06/21/20:17:00:31 Attempting speed test
06/21/20:17:00:31 Speed test completed
06/21/20:17:00:58 Running job 3
06/21/20:17:00:58 Attempting speed test
06/21/20:17:00:58 Speed test completed
06/21/20:19:00:00 Running job 1
06/21/20:19:00:00 Attempting speed test
06/21/20:19:00:00 Speed test completed
06/21/20:19:00:42 Running job 2
06/21/20:19:00:42 Attempting speed test
06/21/20:19:00:42 Speed test completed
06/21/20:19:01:07 Running job 3
06/21/20:19:01:07 Attempting speed test
06/21/20:19:01:07 Speed test completed
06/21/20:20:00:00 Running job 1
06/21/20:20:00:00 Attempting speed test
06/21/20:20:00:00 Speed test completed
06/21/20:20:00:27 Running job 2
06/21/20:20:00:27 Attempting speed test
06/21/20:20:00:27 Speed test completed
06/21/20:20:00:54 Running job 3
06/21/20:20:00:54 Attempting speed test
06/21/20:20:00:54 Speed test completed
06/22/20:00:00:00 Running job 1
06/22/20:00:00:00 Attempting speed test
06/22/20:00:00:00 Speed test completed
06/22/20:00:33:48 Running job 2
06/22/20:00:33:48 Attempting speed test
06/22/20:00:33:48 Speed test completed
06/22/20:00:34:17 Running job 3
06/22/20:00:34:17 Attempting speed test
06/22/20:00:34:17 Speed test completed
06/22/20:09:00:01 Running job 1
06/22/20:09:00:01 Attempting speed test
06/22/20:09:00:01 Speed test completed
06/22/20:09:00:26 Running job 2
06/22/20:09:00:26 Attempting speed test
06/22/20:09:00:26 Speed test completed
06/22/20:09:00:50 Running job 3
06/22/20:09:00:50 Attempting speed test
06/22/20:09:00:50 Speed test completed
06/22/20:10:00:00 Running job 1
06/22/20:10:00:00 Attempting speed test
06/22/20:10:00:00 Speed test completed
06/22/20:10:00:35 Running job 2
06/22/20:10:00:35 Attempting speed test
06/22/20:10:00:35 Speed test completed
06/22/20:10:01:04 Running job 3
06/22/20:10:01:04 Attempting speed test
06/22/20:10:01:04 Speed test completed
06/22/20:10:31:57 Running job 1
06/22/20:10:31:57 Attempting speed test
06/22/20:10:31:57 Speed test completed
06/22/20:10:32:21 Running job 2
06/22/20:10:32:21 Attempting speed test
06/22/20:10:32:21 Speed test completed
06/22/20:10:32:45 Running job 3
06/22/20:10:32:45 Attempting speed test
06/22/20:10:32:45 Speed test completed
06/22/20:11:00:00 Running job 1
06/22/20:11:00:00 Attempting speed test
06/22/20:11:00:00 Speed test completed
06/22/20:11:00:26 Running job 2
06/22/20:11:00:26 Attempting speed test
06/22/20:11:00:26 Speed test completed
06/22/20:11:00:53 Running job 3
06/22/20:11:00:53 Attempting speed test
06/22/20:11:00:53 Speed test completed
06/22/20:12:00:00 Running job 1
06/22/20:12:00:00 Attempting speed test
06/22/20:12:00:00 Speed test completed
06/22/20:12:00:27 Running job 2
06/22/20:12:00:27 Attempting speed test
06/22/20:12:00:27 Speed test completed
06/22/20:12:00:54 Running job 3
06/22/20:12:00:55 Attempting speed test
06/22/20:12:00:55 Speed test completed
06/22/20:12:11:13 Running job 1
06/22/20:12:11:13 Attempting speed test
06/22/20:12:11:13 Speed test completed
06/22/20:12:12:11 Running job 2
06/22/20:12:12:11 Attempting speed test
06/22/20:12:12:11 Internet connection down
06/22/20:12:12:12 Running job 3
06/22/20:12:12:12 Attempting speed test
06/22/20:12:12:12 Speed test completed
06/22/20:13:00:00 Running job 1
06/22/20:13:00:00 Attempting speed test
06/22/20:13:00:00 Speed test completed
06/22/20:13:00:26 Running job 2
06/22/20:13:00:26 Attempting speed test
06/22/20:13:00:26 Internet connection down
06/22/20:13:00:27 Running job 3
06/22/20:13:00:27 Attempting speed test
06/22/20:13:00:27 Speed test completed
06/22/20:13:05:30 Running job 1
06/22/20:13:05:30 Attempting speed test
06/22/20:13:05:30 Speed test completed
06/22/20:13:05:53 Running job 2
06/22/20:13:05:53 Attempting speed test
06/22/20:13:05:53 Speed test completed
06/22/20:13:06:19 Running job 3
06/22/20:13:06:19 Attempting speed test
06/22/20:13:06:19 Speed test completed
06/22/20:14:00:01 Running job 1
06/22/20:14:00:01 Attempting speed test
06/22/20:14:00:01 Speed test completed
06/22/20:14:00:25 Running job 2
06/22/20:14:00:25 Attempting speed test
06/22/20:14:00:25 Speed test completed
06/22/20:14:00:50 Running job 3
06/22/20:14:00:50 Attempting speed test
06/22/20:14:00:50 Speed test completed
06/22/20:15:00:00 Running job 1
06/22/20:15:00:00 Attempting speed test
06/22/20:15:00:00 Speed test completed
06/22/20:15:00:28 Running job 2
06/22/20:15:00:28 Attempting speed test
06/22/20:15:00:28 Speed test completed
06/22/20:15:00:59 Running job 3
06/22/20:15:00:59 Attempting speed test
06/22/20:15:00:59 Speed test completed
06/22/20:16:00:01 Running job 1
06/22/20:16:00:01 Attempting speed test
06/22/20:16:00:01 Speed test completed
06/22/20:16:00:28 Running job 2
06/22/20:16:00:28 Attempting speed test
06/22/20:16:00:28 Speed test completed
06/22/20:16:00:55 Running job 3
06/22/20:16:00:55 Attempting speed test
06/22/20:16:00:55 Speed test completed
06/22/20:16:11:00 Running job 1
06/22/20:16:11:00 Attempting speed test
06/22/20:16:11:00 Speed test completed
06/22/20:16:11:25 Running job 2
06/22/20:16:11:25 Attempting speed test
06/22/20:16:11:25 Speed test completed
06/22/20:16:11:48 Running job 3
06/22/20:16:11:48 Attempting speed test
06/22/20:16:11:48 Speed test completed
06/22/20:16:26:16 Running job 1
06/22/20:16:26:16 Attempting speed test
06/22/20:16:26:16 Speed test completed
06/22/20:16:26:39 Running job 2
06/22/20:16:26:39 Attempting speed test
06/22/20:16:26:39 Speed test completed
06/22/20:16:27:04 Running job 3
06/22/20:16:27:04 Attempting speed test
06/22/20:16:27:04 Speed test completed
06/22/20:17:00:00 Running job 1
06/22/20:17:00:00 Attempting speed test
06/22/20:17:00:00 Speed test completed
06/22/20:17:00:25 Running job 2
06/22/20:17:00:25 Attempting speed test
06/22/20:17:00:25 Speed test completed
06/22/20:17:00:50 Running job 3
06/22/20:17:00:50 Attempting speed test
06/22/20:17:00:50 Speed test completed
06/22/20:18:00:00 Running job 1
06/22/20:18:00:00 Attempting speed test
06/22/20:18:00:00 Speed test completed
06/22/20:18:00:25 Running job 2
06/22/20:18:00:25 Attempting speed test
06/22/20:18:00:25 Speed test completed
06/22/20:18:00:49 Running job 3
06/22/20:18:00:49 Attempting speed test
06/22/20:18:00:49 Speed test completed
06/22/20:19:00:00 Running job 1
06/22/20:19:00:00 Attempting speed test
06/22/20:19:00:00 Speed test completed
06/22/20:19:00:24 Running job 2
06/22/20:19:00:24 Attempting speed test
06/22/20:19:00:24 Speed test completed
06/22/20:19:00:49 Running job 3
06/22/20:19:00:49 Attempting speed test
06/22/20:19:00:49 Speed test completed
06/22/20:20:00:00 Running job 1
06/22/20:20:00:00 Attempting speed test
06/22/20:20:00:00 Speed test completed
06/22/20:20:14:53 Running job 2
06/22/20:20:14:53 Attempting speed test
06/22/20:20:14:53 Speed test completed
06/22/20:20:15:17 Running job 3
06/22/20:20:15:17 Attempting speed test
06/22/20:20:15:17 Speed test completed
06/22/20:21:00:00 Running job 1
06/22/20:21:00:00 Attempting speed test
06/22/20:21:00:00 Speed test completed
06/22/20:21:00:24 Running job 2
06/22/20:21:00:24 Attempting speed test
06/22/20:21:00:24 Speed test completed
06/22/20:21:00:48 Running job 3
06/22/20:21:00:48 Attempting speed test
06/22/20:21:00:48 Speed test completed
06/23/20:01:00:00 Running job 1
06/23/20:01:00:00 Attempting speed test
06/23/20:01:00:00 Speed test completed
06/23/20:01:00:30 Running job 2
06/23/20:01:00:30 Attempting speed test
06/23/20:01:00:30 Speed test completed
06/23/20:01:01:06 Running job 3
06/23/20:01:01:06 Attempting speed test
06/23/20:01:01:06 Speed test completed
06/23/20:02:00:01 Running job 1
06/23/20:02:00:01 Attempting speed test
06/23/20:02:00:01 Speed test completed
06/23/20:02:00:38 Running job 2
06/23/20:02:00:38 Attempting speed test
06/23/20:02:00:38 Speed test completed
06/23/20:02:01:14 Running job 3
06/23/20:02:01:14 Attempting speed test
06/23/20:02:01:14 Speed test completed
06/23/20:03:00:01 Running job 1
06/23/20:03:00:01 Attempting speed test
06/23/20:03:00:01 Speed test completed
06/23/20:03:00:36 Running job 2
06/23/20:03:00:36 Attempting speed test
06/23/20:03:00:36 Speed test completed
06/23/20:03:01:06 Running job 3
06/23/20:03:01:06 Attempting speed test
06/23/20:03:01:06 Speed test completed
06/23/20:08:00:00 Running job 1
06/23/20:08:00:00 Attempting speed test
06/23/20:08:00:00 Speed test completed
06/23/20:08:00:31 Running job 2
06/23/20:08:00:31 Attempting speed test
06/23/20:08:00:31 Speed test completed
06/23/20:08:01:00 Running job 3
06/23/20:08:01:00 Attempting speed test
06/23/20:08:01:00 Speed test completed
06/23/20:09:00:00 Running job 1
06/23/20:09:00:00 Attempting speed test
06/23/20:09:00:00 Speed test completed
06/23/20:09:00:32 Running job 2
06/23/20:09:00:32 Attempting speed test
06/23/20:09:00:32 Speed test completed
06/23/20:09:01:11 Running job 3
06/23/20:09:01:11 Attempting speed test
06/23/20:09:01:11 Speed test completed
06/23/20:10:00:00 Running job 1
06/23/20:10:00:00 Attempting speed test
06/23/20:10:00:00 Internet connection down
06/23/20:10:00:03 Running job 2
06/23/20:10:00:03 Attempting speed test
06/23/20:10:00:03 Internet connection down
06/23/20:10:00:04 Running job 3
06/23/20:10:00:04 Attempting speed test
06/23/20:10:00:04 Speed test completed
06/23/20:11:00:00 Running job 1
06/23/20:11:00:00 Attempting speed test
06/23/20:11:00:00 Speed test completed
06/23/20:11:00:38 Running job 2
06/23/20:11:00:38 Attempting speed test
06/23/20:11:00:38 Internet connection down
06/23/20:11:00:39 Running job 3
06/23/20:11:00:39 Attempting speed test
06/23/20:11:00:39 Internet connection down
06/23/20:12:00:00 Running job 1
06/23/20:12:00:00 Attempting speed test
06/23/20:12:00:00 Speed test completed
06/23/20:12:00:26 Running job 2
06/23/20:12:00:26 Attempting speed test
06/23/20:12:00:26 Speed test completed
06/23/20:12:00:51 Running job 3
06/23/20:12:00:51 Attempting speed test
06/23/20:12:00:51 Speed test completed
06/23/20:13:00:01 Running job 1
06/23/20:13:00:01 Attempting speed test
06/23/20:13:00:01 Speed test completed
06/23/20:13:00:30 Running job 2
06/23/20:13:00:30 Attempting speed test
06/23/20:13:00:30 Speed test completed
06/23/20:13:00:59 Running job 3
06/23/20:13:00:59 Attempting speed test
06/23/20:13:00:59 Speed test completed
06/23/20:14:00:01 Running job 1
06/23/20:14:00:01 Attempting speed test
06/23/20:14:00:01 Speed test completed
06/23/20:14:00:26 Running job 2
06/23/20:14:00:26 Attempting speed test
06/23/20:14:00:26 Speed test completed
06/23/20:14:00:49 Running job 3
06/23/20:14:00:49 Attempting speed test
06/23/20:14:00:49 Speed test completed
06/23/20:15:00:00 Running job 1
06/23/20:15:00:00 Attempting speed test
06/23/20:15:00:00 Speed test completed
06/23/20:15:00:29 Running job 2
06/23/20:15:00:29 Attempting speed test
06/23/20:15:00:29 Speed test completed
06/23/20:15:00:56 Running job 3
06/23/20:15:00:56 Attempting speed test
06/23/20:15:00:56 Speed test completed
06/23/20:16:00:00 Running job 1
06/23/20:16:00:00 Attempting speed test
06/23/20:16:00:00 Speed test completed
06/23/20:16:00:29 Running job 2
06/23/20:16:00:29 Attempting speed test
06/23/20:16:00:29 Speed test completed
06/23/20:16:00:58 Running job 3
06/23/20:16:00:58 Attempting speed test
06/23/20:16:00:58 Speed test completed
06/23/20:17:00:00 Running job 1
06/23/20:17:00:00 Attempting speed test
06/23/20:17:00:00 Speed test completed
06/23/20:17:00:26 Running job 2
06/23/20:17:00:26 Attempting speed test
06/23/20:17:00:26 Speed test completed
06/23/20:17:00:54 Running job 3
06/23/20:17:00:54 Attempting speed test
06/23/20:17:00:54 Speed test completed
06/23/20:19:00:01 Running job 1
06/23/20:19:00:01 Attempting speed test
06/23/20:19:00:01 Speed test completed
06/23/20:19:00:24 Running job 2
06/23/20:19:00:24 Attempting speed test
06/23/20:19:00:24 Speed test completed
06/23/20:19:00:49 Running job 3
06/23/20:19:00:49 Attempting speed test
06/23/20:19:00:49 Speed test completed
06/23/20:20:00:00 Running job 1
06/23/20:20:00:00 Attempting speed test
06/23/20:20:00:00 Speed test completed
06/23/20:20:00:25 Running job 2
06/23/20:20:00:25 Attempting speed test
06/23/20:20:00:25 Speed test completed
06/23/20:20:00:49 Running job 3
06/23/20:20:00:49 Attempting speed test
06/23/20:20:00:49 Speed test completed
06/23/20:21:00:00 Running job 1
06/23/20:21:00:00 Attempting speed test
06/23/20:21:00:00 Speed test completed
06/23/20:21:00:25 Running job 2
06/23/20:21:00:25 Attempting speed test
06/23/20:21:00:25 Speed test completed
06/23/20:21:00:48 Running job 3
06/23/20:21:00:49 Attempting speed test
06/23/20:21:00:49 Speed test completed
06/23/20:22:00:00 Running job 1
06/23/20:22:00:00 Attempting speed test
06/23/20:22:00:00 Speed test completed
06/23/20:22:00:28 Running job 2
06/23/20:22:00:28 Attempting speed test
06/23/20:22:00:28 Speed test completed
06/23/20:22:01:01 Running job 3
06/23/20:22:01:01 Attempting speed test
06/23/20:22:01:01 Speed test completed
06/23/20:23:00:01 Running job 1
06/23/20:23:00:01 Attempting speed test
06/23/20:23:00:01 Speed test completed
06/23/20:23:00:26 Running job 2
06/23/20:23:00:26 Attempting speed test
06/23/20:23:00:26 Speed test completed
06/23/20:23:00:50 Running job 3
06/23/20:23:00:50 Attempting speed test
06/23/20:23:00:50 Speed test completed
06/24/20:00:00:00 Running job 1
06/24/20:00:00:00 Attempting speed test
06/24/20:00:00:00 Speed test completed
06/24/20:00:00:24 Running job 2
06/24/20:00:00:24 Attempting speed test
06/24/20:00:00:24 Speed test completed
06/24/20:00:00:51 Running job 3
06/24/20:00:00:51 Attempting speed test
06/24/20:00:00:51 Speed test completed
06/24/20:01:00:00 Running job 1
06/24/20:01:00:00 Attempting speed test
06/24/20:01:00:00 Speed test completed
06/24/20:01:00:29 Running job 2
06/24/20:01:00:29 Attempting speed test
06/24/20:01:00:29 Speed test completed
06/24/20:01:00:53 Running job 3
06/24/20:01:00:53 Attempting speed test
06/24/20:01:00:53 Speed test completed
06/24/20:08:00:00 Running job 1
06/24/20:08:00:00 Attempting speed test
06/24/20:08:00:00 Speed test completed
06/24/20:08:00:28 Running job 2
06/24/20:08:00:28 Attempting speed test
06/24/20:08:00:28 Speed test completed
06/24/20:08:00:55 Running job 3
06/24/20:08:00:55 Attempting speed test
06/24/20:08:00:55 Speed test completed
06/24/20:09:00:00 Running job 1
06/24/20:09:00:00 Attempting speed test
06/24/20:09:00:00 Speed test completed
06/24/20:09:00:36 Running job 2
06/24/20:09:00:36 Attempting speed test
06/24/20:09:00:36 Speed test completed
06/24/20:09:01:08 Running job 3
06/24/20:09:01:08 Attempting speed test
06/24/20:09:01:08 Speed test completed
06/24/20:10:00:00 Running job 1
06/24/20:10:00:00 Attempting speed test
06/24/20:10:00:00 Speed test completed
06/24/20:10:00:30 Running job 2
06/24/20:10:00:30 Attempting speed test
06/24/20:10:00:30 Speed test completed
06/24/20:10:01:05 Running job 3
06/24/20:10:01:05 Attempting speed test
06/24/20:10:01:05 Speed test completed
06/24/20:11:00:01 Running job 1
06/24/20:11:00:01 Attempting speed test
06/24/20:11:00:01 Speed test completed
06/24/20:11:00:37 Running job 2
06/24/20:11:00:37 Attempting speed test
06/24/20:11:00:37 Speed test completed
06/24/20:11:01:10 Running job 3
06/24/20:11:01:10 Attempting speed test
06/24/20:11:01:10 Speed test completed
06/24/20:12:00:00 Running job 1
06/24/20:12:00:00 Attempting speed test
06/24/20:12:00:00 Speed test completed
06/24/20:12:00:47 Running job 2
06/24/20:12:00:47 Attempting speed test
06/24/20:12:00:47 Speed test completed
06/24/20:12:01:16 Running job 3
06/24/20:12:01:16 Attempting speed test
06/24/20:12:01:16 Speed test completed
06/24/20:13:00:00 Running job 1
06/24/20:13:00:00 Attempting speed test
06/24/20:13:00:00 Speed test completed
06/24/20:13:00:23 Running job 2
06/24/20:13:00:23 Attempting speed test
06/24/20:13:00:23 Speed test completed
06/24/20:13:00:46 Running job 3
06/24/20:13:00:47 Attempting speed test
06/24/20:13:00:47 Speed test completed
06/24/20:14:00:00 Running job 1
06/24/20:14:00:00 Attempting speed test
06/24/20:14:00:00 Speed test completed
06/24/20:14:00:37 Running job 2
06/24/20:14:00:37 Attempting speed test
06/24/20:14:00:37 Speed test completed
06/24/20:14:01:07 Running job 3
06/24/20:14:01:07 Attempting speed test
06/24/20:14:01:07 Internet connection down
06/24/20:15:00:00 Running job 1
06/24/20:15:00:00 Attempting speed test
06/24/20:15:00:00 Speed test completed
06/24/20:15:01:06 Running job 2
06/24/20:15:01:06 Attempting speed test
06/24/20:15:01:06 Speed test completed
06/24/20:15:02:06 Running job 3
06/24/20:15:02:06 Attempting speed test
06/24/20:15:02:06 Speed test completed
06/24/20:16:00:00 Running job 1
06/24/20:16:00:00 Attempting speed test
06/24/20:16:00:00 Speed test completed
06/24/20:16:00:38 Running job 2
06/24/20:16:00:38 Attempting speed test
06/24/20:16:00:38 Speed test completed
06/24/20:16:01:16 Running job 3
06/24/20:16:01:16 Attempting speed test
06/24/20:16:01:16 Speed test completed
06/24/20:17:00:01 Running job 1
06/24/20:17:00:01 Attempting speed test
06/24/20:17:00:01 Speed test completed
06/24/20:17:00:36 Running job 2
06/24/20:17:00:36 Attempting speed test
06/24/20:17:00:36 Speed test completed
06/24/20:17:01:03 Running job 3
06/24/20:17:01:03 Attempting speed test
06/24/20:17:01:03 Speed test completed
06/24/20:18:00:00 Running job 1
06/24/20:18:00:00 Attempting speed test
06/24/20:18:00:00 Speed test completed
06/24/20:18:00:28 Running job 2
06/24/20:18:00:28 Attempting speed test
06/24/20:18:00:28 Speed test completed
06/24/20:18:00:56 Running job 3
06/24/20:18:00:56 Attempting speed test
06/24/20:18:00:56 Speed test completed
06/24/20:19:00:00 Running job 1
06/24/20:19:00:00 Attempting speed test
06/24/20:19:00:00 Speed test completed
06/24/20:19:00:29 Running job 2
06/24/20:19:00:29 Attempting speed test
06/24/20:19:00:29 Speed test completed
06/24/20:19:00:58 Running job 3
06/24/20:19:00:58 Attempting speed test
06/24/20:19:00:58 Speed test completed
06/24/20:22:00:00 Running job 1
06/24/20:22:00:00 Attempting speed test
06/24/20:22:00:00 Speed test completed
06/24/20:22:00:26 Running job 2
06/24/20:22:00:26 Attempting speed test
06/24/20:22:00:26 Speed test completed
06/24/20:22:00:51 Running job 3
06/24/20:22:00:51 Attempting speed test
06/24/20:22:00:51 Speed test completed
06/24/20:23:00:00 Running job 1
06/24/20:23:00:00 Attempting speed test
06/24/20:23:00:00 Speed test completed
06/24/20:23:00:26 Running job 2
06/24/20:23:00:26 Attempting speed test
06/24/20:23:00:26 Speed test completed
06/24/20:23:00:50 Running job 3
06/24/20:23:00:50 Attempting speed test
06/24/20:23:00:50 Speed test completed
06/25/20:00:00:01 Running job 1
06/25/20:00:00:01 Attempting speed test
06/25/20:00:00:01 Speed test completed
06/25/20:00:00:26 Running job 2
06/25/20:00:00:26 Attempting speed test
06/25/20:00:00:26 Speed test completed
06/25/20:00:00:52 Running job 3
06/25/20:00:00:52 Attempting speed test
06/25/20:00:00:52 Speed test completed
06/25/20:08:00:00 Running job 1
06/25/20:08:00:00 Attempting speed test
06/25/20:08:00:00 Speed test completed
06/25/20:08:00:25 Running job 2
06/25/20:08:00:25 Attempting speed test
06/25/20:08:00:25 Speed test completed
06/25/20:08:00:48 Running job 3
06/25/20:08:00:48 Attempting speed test
06/25/20:08:00:48 Speed test completed
06/25/20:09:00:00 Running job 1
06/25/20:09:00:00 Attempting speed test
06/25/20:09:00:00 Speed test completed
06/25/20:09:00:31 Running job 2
06/25/20:09:00:31 Attempting speed test
06/25/20:09:00:31 Speed test completed
06/25/20:09:01:02 Running job 3
06/25/20:09:01:02 Attempting speed test
06/25/20:09:01:02 Internet connection down
06/25/20:10:00:00 Running job 1
06/25/20:10:00:00 Attempting speed test
06/25/20:10:00:00 Speed test completed
06/25/20:10:00:32 Running job 2
06/25/20:10:00:32 Attempting speed test
06/25/20:10:00:32 Speed test completed
06/25/20:10:01:03 Running job 3
06/25/20:10:01:03 Attempting speed test
06/25/20:10:01:03 Speed test completed
06/25/20:11:00:00 Running job 1
06/25/20:11:00:00 Attempting speed test
06/25/20:11:00:00 Speed test completed
06/25/20:11:00:27 Running job 2
06/25/20:11:00:27 Attempting speed test
06/25/20:11:00:27 Speed test completed
06/25/20:11:01:08 Running job 3
06/25/20:11:01:08 Attempting speed test
06/25/20:11:01:08 Speed test completed
06/25/20:12:00:00 Running job 1
06/25/20:12:00:00 Attempting speed test
06/25/20:12:00:00 Speed test completed
06/25/20:12:00:28 Running job 2
06/25/20:12:00:28 Attempting speed test
06/25/20:12:00:28 Speed test completed
06/25/20:12:00:54 Running job 3
06/25/20:12:00:54 Attempting speed test
06/25/20:12:00:54 Speed test completed
06/25/20:14:00:00 Running job 1
06/25/20:14:00:00 Attempting speed test
06/25/20:14:00:00 Speed test completed
06/25/20:14:00:30 Running job 2
06/25/20:14:00:30 Attempting speed test
06/25/20:14:00:30 Speed test completed
06/25/20:14:00:59 Running job 3
06/25/20:14:00:59 Attempting speed test
06/25/20:14:00:59 Speed test completed
06/25/20:15:00:00 Running job 1
06/25/20:15:00:00 Attempting speed test
06/25/20:15:00:00 Speed test completed
06/25/20:15:00:31 Running job 2
06/25/20:15:00:31 Attempting speed test
06/25/20:15:00:31 Speed test completed
06/25/20:15:01:03 Running job 3
06/25/20:15:01:03 Attempting speed test
06/25/20:15:01:03 Speed test completed
06/25/20:16:00:01 Running job 1
06/25/20:16:00:01 Attempting speed test
06/25/20:16:00:01 Speed test completed
06/25/20:16:00:52 Running job 2
06/25/20:16:00:52 Attempting speed test
06/25/20:16:00:52 Speed test completed
06/25/20:16:01:24 Running job 3
06/25/20:16:01:24 Attempting speed test
06/25/20:16:01:24 Speed test completed
07/22/20:17:00:00 Running job 1
07/22/20:17:00:00 Attempting speed test
07/22/20:17:00:00 Speed test completed
07/22/20:17:00:34 Running job 2
07/22/20:17:00:34 Attempting speed test
07/22/20:17:00:34 Speed test completed
07/22/20:17:01:01 Running job 3
07/22/20:17:01:01 Attempting speed test
07/22/20:17:01:01 Speed test completed
07/22/20:18:00:00 Running job 1
07/22/20:18:00:00 Attempting speed test
07/22/20:18:00:00 Internet connection down
07/22/20:18:00:01 Running job 2
07/22/20:18:00:01 Attempting speed test
07/22/20:18:00:01 Speed test completed
07/22/20:18:00:30 Running job 3
07/22/20:18:00:30 Attempting speed test
07/22/20:18:00:30 Speed test completed
07/22/20:19:00:00 Running job 1
07/22/20:19:00:00 Attempting speed test
07/22/20:19:00:00 Speed test completed
07/22/20:19:00:28 Running job 2
07/22/20:19:00:28 Attempting speed test
07/22/20:19:00:28 Speed test completed
07/22/20:19:00:58 Running job 3
07/22/20:19:00:58 Attempting speed test
07/22/20:19:00:58 Speed test completed
07/22/20:20:00:00 Running job 1
07/22/20:20:00:00 Attempting speed test
07/22/20:20:00:00 Speed test completed
07/22/20:20:00:29 Running job 2
07/22/20:20:00:29 Attempting speed test
07/22/20:20:00:29 Speed test completed
07/22/20:20:00:56 Running job 3
07/22/20:20:00:56 Attempting speed test
07/22/20:20:00:56 Speed test completed
07/22/20:21:00:00 Running job 1
07/22/20:21:00:00 Attempting speed test
07/22/20:21:00:00 Speed test completed
07/22/20:21:00:28 Running job 2
07/22/20:21:00:28 Attempting speed test
07/22/20:21:00:28 Speed test completed
07/22/20:21:00:54 Running job 3
07/22/20:21:00:54 Attempting speed test
07/22/20:21:00:54 Speed test completed
07/22/20:22:00:00 Running job 1
07/22/20:22:00:00 Attempting speed test
07/22/20:22:00:00 Speed test completed
07/22/20:22:00:28 Running job 2
07/22/20:22:00:28 Attempting speed test
07/22/20:22:00:28 Speed test completed
07/22/20:22:00:57 Running job 3
07/22/20:22:00:57 Attempting speed test
07/22/20:22:00:57 Speed test completed
07/22/20:23:00:00 Running job 1
07/22/20:23:00:00 Attempting speed test
07/22/20:23:00:00 Speed test completed
07/22/20:23:00:32 Running job 2
07/22/20:23:00:32 Attempting speed test
07/22/20:23:00:32 Speed test completed
07/22/20:23:00:59 Running job 3
07/22/20:23:00:59 Attempting speed test
07/22/20:23:00:59 Speed test completed
07/23/20:00:00:00 Running job 1
07/23/20:00:00:00 Attempting speed test
07/23/20:00:00:00 Speed test completed
07/23/20:00:01:04 Running job 2
07/23/20:00:01:04 Attempting speed test
07/23/20:00:01:04 Speed test completed
07/23/20:00:02:03 Running job 3
07/23/20:00:02:03 Attempting speed test
07/23/20:00:02:03 Speed test completed
07/23/20:01:00:00 Running job 1
07/23/20:01:00:00 Attempting speed test
07/23/20:01:00:00 Speed test completed
07/23/20:01:55:38 Running job 2
07/23/20:01:55:38 Attempting speed test
07/23/20:01:55:38 Speed test completed
07/23/20:01:56:02 Running job 3
07/23/20:01:56:02 Attempting speed test
07/23/20:01:56:02 Speed test completed
07/23/20:07:00:00 Running job 1
07/23/20:07:00:01 Attempting speed test
07/23/20:07:00:01 Speed test completed
07/23/20:07:00:26 Running job 2
07/23/20:07:00:26 Attempting speed test
07/23/20:07:00:26 Speed test completed
07/23/20:07:00:51 Running job 3
07/23/20:07:00:51 Attempting speed test
07/23/20:07:00:51 Speed test completed
07/23/20:08:00:00 Running job 1
07/23/20:08:00:00 Attempting speed test
07/23/20:08:00:00 Speed test completed
07/23/20:08:00:31 Running job 2
07/23/20:08:00:31 Attempting speed test
07/23/20:08:00:31 Speed test completed
07/23/20:08:00:57 Running job 3
07/23/20:08:00:57 Attempting speed test
07/23/20:08:00:57 Speed test completed
07/23/20:09:00:00 Running job 1
07/23/20:09:00:00 Attempting speed test
07/23/20:09:00:00 Speed test completed
07/23/20:09:00:38 Running job 2
07/23/20:09:00:38 Attempting speed test
07/23/20:09:00:38 Speed test completed
07/23/20:09:01:03 Running job 3
07/23/20:09:01:03 Attempting speed test
07/23/20:09:01:03 Speed test completed
07/23/20:10:00:00 Running job 1
07/23/20:10:00:00 Attempting speed test
07/23/20:10:00:00 Speed test completed
07/23/20:10:00:58 Running job 2
07/23/20:10:00:58 Attempting speed test
07/23/20:10:00:58 Speed test completed
07/23/20:10:01:27 Running job 3
07/23/20:10:01:28 Attempting speed test
07/23/20:10:01:28 Speed test completed
07/23/20:11:00:01 Running job 1
07/23/20:11:00:01 Attempting speed test
07/23/20:11:00:01 Speed test completed
07/23/20:11:00:29 Running job 2
07/23/20:11:00:29 Attempting speed test
07/23/20:11:00:29 Speed test completed
07/23/20:11:00:57 Running job 3
07/23/20:11:00:57 Attempting speed test
07/23/20:11:00:57 Speed test completed
07/23/20:12:00:00 Running job 1
07/23/20:12:00:00 Attempting speed test
07/23/20:12:00:00 Speed test completed
07/23/20:12:00:26 Running job 2
07/23/20:12:00:26 Attempting speed test
07/23/20:12:00:26 Speed test completed
07/23/20:12:00:50 Running job 3
07/23/20:12:00:50 Attempting speed test
07/23/20:12:00:50 Speed test completed
07/23/20:13:00:00 Running job 1
07/23/20:13:00:00 Attempting speed test
07/23/20:13:00:00 Speed test completed
07/23/20:13:00:24 Running job 2
07/23/20:13:00:24 Attempting speed test
07/23/20:13:00:24 Speed test completed
07/23/20:13:00:48 Running job 3
07/23/20:13:00:48 Attempting speed test
07/23/20:13:00:48 Speed test completed
07/23/20:14:00:00 Running job 1
07/23/20:14:00:01 Attempting speed test
07/23/20:14:00:01 Speed test completed
07/23/20:14:00:42 Running job 2
07/23/20:14:00:42 Attempting speed test
07/23/20:14:00:42 Speed test completed
07/23/20:14:01:26 Running job 3
07/23/20:14:01:26 Attempting speed test
07/23/20:14:01:26 Speed test completed
07/23/20:15:00:01 Running job 1
07/23/20:15:00:01 Attempting speed test
07/23/20:15:00:01 Speed test completed
07/23/20:15:00:34 Running job 2
07/23/20:15:00:34 Attempting speed test
07/23/20:15:00:34 Speed test completed
07/23/20:15:01:04 Running job 3
07/23/20:15:01:04 Attempting speed test
07/23/20:15:01:04 Speed test completed
07/23/20:16:00:01 Running job 1
07/23/20:16:00:01 Attempting speed test
07/23/20:16:00:01 Speed test completed
07/23/20:16:00:32 Running job 2
07/23/20:16:00:32 Attempting speed test
07/23/20:16:00:32 Speed test completed
07/23/20:16:00:59 Running job 3
07/23/20:16:00:59 Attempting speed test
07/23/20:16:00:59 Speed test completed
07/23/20:17:00:00 Running job 1
07/23/20:17:00:00 Attempting speed test
07/23/20:17:00:00 Speed test completed
07/23/20:17:00:32 Running job 2
07/23/20:17:00:32 Attempting speed test
07/23/20:17:00:32 Speed test completed
07/23/20:17:00:58 Running job 3
07/23/20:17:00:58 Attempting speed test
07/23/20:17:00:58 Speed test completed
07/23/20:18:00:00 Running job 1
07/23/20:18:00:00 Attempting speed test
07/23/20:18:00:00 Speed test completed
07/23/20:18:00:33 Running job 2
07/23/20:18:00:33 Attempting speed test
07/23/20:18:00:33 Speed test completed
07/23/20:18:01:00 Running job 3
07/23/20:18:01:00 Attempting speed test
07/23/20:18:01:00 Speed test completed
07/23/20:20:00:00 Running job 1
07/23/20:20:00:00 Attempting speed test
07/23/20:20:00:00 Speed test completed
07/23/20:20:00:25 Running job 2
07/23/20:20:00:25 Attempting speed test
07/23/20:20:00:25 Internet connection down
07/23/20:20:00:26 Running job 3
07/23/20:20:00:26 Attempting speed test
07/23/20:20:00:26 Speed test completed
07/23/20:21:00:00 Running job 1
07/23/20:21:00:00 Attempting speed test
07/23/20:21:00:00 Speed test completed
07/23/20:21:00:27 Running job 2
07/23/20:21:00:27 Attempting speed test
07/23/20:21:00:27 Speed test completed
07/23/20:21:00:51 Running job 3
07/23/20:21:00:51 Attempting speed test
07/23/20:21:00:51 Speed test completed
07/23/20:22:00:00 Running job 1
07/23/20:22:00:00 Attempting speed test
07/23/20:22:00:00 Speed test completed
07/23/20:22:00:25 Running job 2
07/23/20:22:00:25 Attempting speed test
07/23/20:22:00:25 Speed test completed
07/23/20:22:00:56 Running job 3
07/23/20:22:00:56 Attempting speed test
07/23/20:22:00:56 Internet connection down
07/23/20:23:00:00 Running job 1
07/23/20:23:00:00 Attempting speed test
07/23/20:23:00:00 Speed test completed
07/23/20:23:00:29 Running job 2
07/23/20:23:00:29 Attempting speed test
07/23/20:23:00:29 Speed test completed
07/23/20:23:00:55 Running job 3
07/23/20:23:00:55 Attempting speed test
07/23/20:23:00:55 Speed test completed
07/24/20:00:00:00 Running job 1
07/24/20:00:00:00 Attempting speed test
07/24/20:00:00:00 Speed test completed
07/24/20:00:00:24 Running job 2
07/24/20:00:00:24 Attempting speed test
07/24/20:00:00:24 Speed test completed
07/24/20:00:00:48 Running job 3
07/24/20:00:00:48 Attempting speed test
07/24/20:00:00:48 Speed test completed
07/24/20:01:00:00 Running job 1
07/24/20:01:00:00 Attempting speed test
07/24/20:01:00:00 Speed test completed
07/24/20:01:00:25 Running job 2
07/24/20:01:00:25 Attempting speed test
07/24/20:01:00:25 Speed test completed
07/24/20:01:00:49 Running job 3
07/24/20:01:00:49 Attempting speed test
07/24/20:01:00:49 Speed test completed
07/24/20:08:00:03 Running job 1
07/24/20:08:00:03 Attempting speed test
07/24/20:08:00:03 Internet connection down
07/24/20:08:03:18 Running job 2
07/24/20:08:03:18 Attempting speed test
07/24/20:08:03:18 Internet connection down
07/24/20:08:03:55 Running job 3
07/24/20:08:03:55 Attempting speed test
07/24/20:08:03:55 Internet connection down
07/24/20:09:00:00 Running job 1
07/24/20:09:00:00 Attempting speed test
07/24/20:09:00:00 Speed test completed
07/24/20:09:00:25 Running job 2
07/24/20:09:00:26 Attempting speed test
07/24/20:09:00:26 Speed test completed
07/24/20:09:00:49 Running job 3
07/24/20:09:00:49 Attempting speed test
07/24/20:09:00:49 Speed test completed
07/24/20:10:00:00 Running job 1
07/24/20:10:00:00 Attempting speed test
07/24/20:10:00:00 Speed test completed
07/24/20:10:00:26 Running job 2
07/24/20:10:00:26 Attempting speed test
07/24/20:10:00:26 Speed test completed
07/24/20:10:00:50 Running job 3
07/24/20:10:00:50 Attempting speed test
07/24/20:10:00:50 Speed test completed
07/24/20:11:00:00 Running job 1
07/24/20:11:00:00 Attempting speed test
07/24/20:11:00:00 Speed test completed
07/24/20:11:00:27 Running job 2
07/24/20:11:00:27 Attempting speed test
07/24/20:11:00:27 Internet connection down
07/24/20:11:00:29 Running job 3
07/24/20:11:00:29 Attempting speed test
07/24/20:11:00:29 Speed test completed
07/24/20:12:00:00 Running job 1
07/24/20:12:00:00 Attempting speed test
07/24/20:12:00:00 Speed test completed
07/24/20:12:00:30 Running job 2
07/24/20:12:00:30 Attempting speed test
07/24/20:12:00:30 Speed test completed
07/24/20:12:00:57 Running job 3
07/24/20:12:00:57 Attempting speed test
07/24/20:12:00:57 Speed test completed
07/24/20:13:00:00 Running job 1
07/24/20:13:00:00 Attempting speed test
07/24/20:13:00:00 Speed test completed
07/24/20:13:00:30 Running job 2
07/24/20:13:00:30 Attempting speed test
07/24/20:13:00:30 Speed test completed
07/24/20:13:00:57 Running job 3
07/24/20:13:00:58 Attempting speed test
07/24/20:13:00:58 Speed test completed
07/24/20:14:00:00 Running job 1
07/24/20:14:00:00 Attempting speed test
07/24/20:14:00:00 Speed test completed
07/24/20:14:00:28 Running job 2
07/24/20:14:00:28 Attempting speed test
07/24/20:14:00:28 Speed test completed
07/24/20:14:00:57 Running job 3
07/24/20:14:00:57 Attempting speed test
07/24/20:14:00:57 Speed test completed
07/24/20:15:00:00 Running job 1
07/24/20:15:00:00 Attempting speed test
07/24/20:15:00:00 Speed test completed
07/24/20:15:00:36 Running job 2
07/24/20:15:00:36 Attempting speed test
07/24/20:15:00:36 Speed test completed
07/24/20:15:01:30 Running job 3
07/24/20:15:01:30 Attempting speed test
07/24/20:15:01:30 Speed test completed
07/24/20:16:00:00 Running job 1
07/24/20:16:00:00 Attempting speed test
07/24/20:16:00:00 Speed test completed
07/24/20:16:00:26 Running job 2
07/24/20:16:00:26 Attempting speed test
07/24/20:16:00:26 Speed test completed
07/24/20:16:00:50 Running job 3
07/24/20:16:00:51 Attempting speed test
07/24/20:16:00:51 Speed test completed
07/24/20:17:00:01 Running job 1
07/24/20:17:00:01 Attempting speed test
07/24/20:17:00:01 Speed test completed
07/24/20:17:00:25 Running job 2
07/24/20:17:00:25 Attempting speed test
07/24/20:17:00:25 Speed test completed
07/24/20:17:00:49 Running job 3
07/24/20:17:00:49 Attempting speed test
07/24/20:17:00:49 Speed test completed
07/24/20:18:00:00 Running job 1
07/24/20:18:00:00 Attempting speed test
07/24/20:18:00:00 Speed test completed
07/24/20:18:00:30 Running job 2
07/24/20:18:00:30 Attempting speed test
07/24/20:18:00:30 Speed test completed
07/24/20:18:01:04 Running job 3
07/24/20:18:01:04 Attempting speed test
07/24/20:18:01:04 Speed test completed
07/24/20:19:00:00 Running job 1
07/24/20:19:00:00 Attempting speed test
07/24/20:19:00:00 Speed test completed
07/24/20:19:00:27 Running job 2
07/24/20:19:00:27 Attempting speed test
07/24/20:19:00:27 Speed test completed
07/24/20:19:00:54 Running job 3
07/24/20:19:00:54 Attempting speed test
07/24/20:19:00:54 Speed test completed
07/24/20:20:00:00 Running job 1
07/24/20:20:00:00 Attempting speed test
07/24/20:20:00:00 Speed test completed
07/24/20:20:00:28 Running job 2
07/24/20:20:00:28 Attempting speed test
07/24/20:20:00:28 Speed test completed
07/24/20:20:00:54 Running job 3
07/24/20:20:00:54 Attempting speed test
07/24/20:20:00:54 Speed test completed
07/24/20:21:00:00 Running job 1
07/24/20:21:00:00 Attempting speed test
07/24/20:21:00:00 Speed test completed
07/24/20:21:00:26 Running job 2
07/24/20:21:00:26 Attempting speed test
07/24/20:21:00:26 Speed test completed
07/24/20:21:00:50 Running job 3
07/24/20:21:00:50 Attempting speed test
07/24/20:21:00:50 Speed test completed
07/24/20:23:00:01 Running job 1
07/24/20:23:00:01 Attempting speed test
07/24/20:23:00:01 Speed test completed
07/24/20:23:00:25 Running job 2
07/24/20:23:00:25 Attempting speed test
07/24/20:23:00:25 Speed test completed
07/24/20:23:00:50 Running job 3
07/24/20:23:00:50 Attempting speed test
07/24/20:23:00:50 Speed test completed
07/25/20:00:00:00 Running job 1
07/25/20:00:00:00 Attempting speed test
07/25/20:00:00:00 Speed test completed
07/25/20:00:00:25 Running job 2
07/25/20:00:00:25 Attempting speed test
07/25/20:00:00:25 Speed test completed
07/25/20:00:00:49 Running job 3
07/25/20:00:00:49 Attempting speed test
07/25/20:00:00:49 Speed test completed
07/25/20:03:00:00 Running job 1
07/25/20:03:00:00 Attempting speed test
07/25/20:03:00:00 Speed test completed
07/25/20:03:00:26 Running job 2
07/25/20:03:00:26 Attempting speed test
07/25/20:03:00:26 Speed test completed
07/25/20:03:00:50 Running job 3
07/25/20:03:00:50 Attempting speed test
07/25/20:03:00:50 Speed test completed
07/25/20:08:00:00 Running job 1
07/25/20:08:00:00 Attempting speed test
07/25/20:08:00:00 Speed test completed
07/25/20:08:00:25 Running job 2
07/25/20:08:00:25 Attempting speed test
07/25/20:08:00:25 Speed test completed
07/25/20:08:00:49 Running job 3
07/25/20:08:00:49 Attempting speed test
07/25/20:08:00:49 Speed test completed
07/25/20:09:00:00 Running job 1
07/25/20:09:00:00 Attempting speed test
07/25/20:09:00:00 Speed test completed
07/25/20:09:00:27 Running job 2
07/25/20:09:00:27 Attempting speed test
07/25/20:09:00:27 Speed test completed
07/25/20:09:00:55 Running job 3
07/25/20:09:00:55 Attempting speed test
07/25/20:09:00:55 Speed test completed
07/25/20:10:00:01 Running job 1
07/25/20:10:00:01 Attempting speed test
07/25/20:10:00:01 Speed test completed
07/25/20:10:00:26 Running job 2
07/25/20:10:00:26 Attempting speed test
07/25/20:10:00:26 Speed test completed
07/25/20:10:00:50 Running job 3
07/25/20:10:00:50 Attempting speed test
07/25/20:10:00:50 Speed test completed
07/25/20:16:00:01 Running job 1
07/25/20:16:00:01 Attempting speed test
07/25/20:16:00:01 Speed test completed
07/25/20:16:00:26 Running job 2
07/25/20:16:00:26 Attempting speed test
07/25/20:16:00:26 Speed test completed
07/25/20:16:00:51 Running job 3
07/25/20:16:00:51 Attempting speed test
07/25/20:16:00:51 Speed test completed
07/25/20:17:00:00 Running job 1
07/25/20:17:00:00 Attempting speed test
07/25/20:17:00:00 Internet connection down
07/25/20:17:00:02 Running job 2
07/25/20:17:00:02 Attempting speed test
07/25/20:17:00:02 Speed test completed
07/25/20:17:00:25 Running job 3
07/25/20:17:00:25 Attempting speed test
07/25/20:17:00:25 Speed test completed
07/25/20:18:00:00 Running job 1
07/25/20:18:00:00 Attempting speed test
07/25/20:18:00:00 Speed test completed
07/25/20:18:00:24 Running job 2
07/25/20:18:00:24 Attempting speed test
07/25/20:18:00:24 Speed test completed
07/25/20:18:00:48 Running job 3
07/25/20:18:00:48 Attempting speed test
07/25/20:18:00:48 Speed test completed
07/25/20:19:00:00 Running job 1
07/25/20:19:00:00 Attempting speed test
07/25/20:19:00:00 Speed test completed
07/25/20:19:00:24 Running job 2
07/25/20:19:00:24 Attempting speed test
07/25/20:19:00:24 Speed test completed
07/25/20:19:00:49 Running job 3
07/25/20:19:00:49 Attempting speed test
07/25/20:19:00:49 Speed test completed
07/25/20:20:00:00 Running job 1
07/25/20:20:00:00 Attempting speed test
07/25/20:20:00:00 Speed test completed
07/25/20:20:00:30 Running job 2
07/25/20:20:00:30 Attempting speed test
07/25/20:20:00:30 Speed test completed
07/25/20:20:00:56 Running job 3
07/25/20:20:00:56 Attempting speed test
07/25/20:20:00:56 Speed test completed
07/25/20:21:00:00 Running job 1
07/25/20:21:00:00 Attempting speed test
07/25/20:21:00:00 Speed test completed
07/25/20:21:00:26 Running job 2
07/25/20:21:00:26 Attempting speed test
07/25/20:21:00:26 Speed test completed
07/25/20:21:00:53 Running job 3
07/25/20:21:00:53 Attempting speed test
07/25/20:21:00:53 Speed test completed
07/25/20:22:00:01 Running job 1
07/25/20:22:00:01 Attempting speed test
07/25/20:22:00:01 Speed test completed
07/25/20:22:00:30 Running job 2
07/25/20:22:00:30 Attempting speed test
07/25/20:22:00:30 Speed test completed
07/25/20:22:00:56 Running job 3
07/25/20:22:00:56 Attempting speed test
07/25/20:22:00:56 Speed test completed
07/25/20:23:00:00 Running job 1
07/25/20:23:00:00 Attempting speed test
07/25/20:23:00:00 Speed test completed
07/25/20:23:03:45 Running job 2
07/25/20:23:03:45 Attempting speed test
07/25/20:23:03:45 Speed test completed
07/25/20:23:04:20 Running job 3
07/25/20:23:04:20 Attempting speed test
07/25/20:23:04:20 Speed test completed
07/26/20:00:00:00 Running job 1
07/26/20:00:00:00 Attempting speed test
07/26/20:00:00:00 Speed test completed
07/26/20:00:00:29 Running job 2
07/26/20:00:00:29 Attempting speed test
07/26/20:00:00:29 Speed test completed
07/26/20:00:00:54 Running job 3
07/26/20:00:00:54 Attempting speed test
07/26/20:00:00:54 Speed test completed
07/26/20:01:00:00 Running job 1
07/26/20:01:00:00 Attempting speed test
07/26/20:01:00:00 Speed test completed
07/26/20:01:00:30 Running job 2
07/26/20:01:00:30 Attempting speed test
07/26/20:01:00:30 Speed test completed
07/26/20:01:00:54 Running job 3
07/26/20:01:00:54 Attempting speed test
07/26/20:01:00:54 Speed test completed
07/26/20:02:00:00 Running job 1
07/26/20:02:00:00 Attempting speed test
07/26/20:02:00:00 Speed test completed
07/26/20:02:00:26 Running job 2
07/26/20:02:00:26 Attempting speed test
07/26/20:02:00:26 Speed test completed
07/26/20:02:00:54 Running job 3
07/26/20:02:00:54 Attempting speed test
07/26/20:02:00:54 Speed test completed
07/26/20:09:00:00 Running job 1
07/26/20:09:00:00 Attempting speed test
07/26/20:09:00:00 Speed test completed
07/26/20:09:00:27 Running job 2
07/26/20:09:00:27 Attempting speed test
07/26/20:09:00:27 Speed test completed
07/26/20:09:00:52 Running job 3
07/26/20:09:00:52 Attempting speed test
07/26/20:09:00:52 Speed test completed
07/26/20:10:00:00 Running job 1
07/26/20:10:00:00 Attempting speed test
07/26/20:10:00:00 Speed test completed
07/26/20:10:01:16 Running job 2
07/26/20:10:01:16 Attempting speed test
07/26/20:10:01:16 Speed test completed
07/26/20:10:01:55 Running job 3
07/26/20:10:01:55 Attempting speed test
07/26/20:10:01:55 Internet connection down
07/26/20:11:00:27 Running job 1
07/26/20:11:00:27 Attempting speed test
07/26/20:11:00:27 Speed test completed
07/26/20:11:00:52 Running job 2
07/26/20:11:00:52 Attempting speed test
07/26/20:11:00:52 Speed test completed
07/26/20:11:01:15 Running job 3
07/26/20:11:01:15 Attempting speed test
07/26/20:11:01:15 Speed test completed
07/26/20:13:00:00 Running job 1
07/26/20:13:00:00 Attempting speed test
07/26/20:13:00:00 Speed test completed
07/26/20:13:00:26 Running job 2
07/26/20:13:00:26 Attempting speed test
07/26/20:13:00:26 Speed test completed
07/26/20:13:00:51 Running job 3
07/26/20:13:00:51 Attempting speed test
07/26/20:13:00:51 Speed test completed
07/26/20:14:00:00 Running job 1
07/26/20:14:00:00 Attempting speed test
07/26/20:14:00:00 Speed test completed
07/26/20:14:00:27 Running job 2
07/26/20:14:00:27 Attempting speed test
07/26/20:14:00:27 Speed test completed
07/26/20:14:00:55 Running job 3
07/26/20:14:00:55 Attempting speed test
07/26/20:14:00:55 Speed test completed
07/26/20:15:00:00 Running job 1
07/26/20:15:00:00 Attempting speed test
07/26/20:15:00:00 Speed test completed
07/26/20:15:00:26 Running job 2
07/26/20:15:00:26 Attempting speed test
07/26/20:15:00:26 Speed test completed
07/26/20:15:00:50 Running job 3
07/26/20:15:00:50 Attempting speed test
07/26/20:15:00:50 Speed test completed
07/26/20:16:00:00 Running job 1
07/26/20:16:00:00 Attempting speed test
07/26/20:16:00:00 Speed test completed
07/26/20:16:00:25 Running job 2
07/26/20:16:00:25 Attempting speed test
07/26/20:16:00:25 Speed test completed
07/26/20:16:00:49 Running job 3
07/26/20:16:00:49 Attempting speed test
07/26/20:16:00:49 Speed test completed
07/26/20:17:00:00 Running job 1
07/26/20:17:00:00 Attempting speed test
07/26/20:17:00:00 Speed test completed
07/26/20:17:00:26 Running job 2
07/26/20:17:00:26 Attempting speed test
07/26/20:17:00:26 Speed test completed
07/26/20:17:00:52 Running job 3
07/26/20:17:00:52 Attempting speed test
07/26/20:17:00:52 Speed test completed
07/26/20:18:00:00 Running job 1
07/26/20:18:00:00 Attempting speed test
07/26/20:18:00:00 Speed test completed
07/26/20:18:00:28 Running job 2
07/26/20:18:00:28 Attempting speed test
07/26/20:18:00:28 Speed test completed
07/26/20:18:00:52 Running job 3
07/26/20:18:00:52 Attempting speed test
07/26/20:18:00:52 Speed test completed
07/26/20:19:00:00 Running job 1
07/26/20:19:00:00 Attempting speed test
07/26/20:19:00:00 Speed test completed
07/26/20:19:00:25 Running job 2
07/26/20:19:00:25 Attempting speed test
07/26/20:19:00:25 Speed test completed
07/26/20:19:00:49 Running job 3
07/26/20:19:00:49 Attempting speed test
07/26/20:19:00:49 Speed test completed
07/26/20:20:00:00 Running job 1
07/26/20:20:00:00 Attempting speed test
07/26/20:20:00:00 Speed test completed
07/26/20:20:00:24 Running job 2
07/26/20:20:00:24 Attempting speed test
07/26/20:20:00:24 Speed test completed
07/26/20:20:00:48 Running job 3
07/26/20:20:00:48 Attempting speed test
07/26/20:20:00:48 Speed test completed
07/26/20:23:00:00 Running job 1
07/26/20:23:00:00 Attempting speed test
07/26/20:23:00:00 Speed test completed
07/26/20:23:00:25 Running job 2
07/26/20:23:00:25 Attempting speed test
07/26/20:23:00:25 Speed test completed
07/26/20:23:00:49 Running job 3
07/26/20:23:00:49 Attempting speed test
07/26/20:23:00:49 Speed test completed
07/27/20:00:00:00 Running job 1
07/27/20:00:00:00 Attempting speed test
07/27/20:00:00:00 Speed test completed
07/27/20:00:00:24 Running job 2
07/27/20:00:00:24 Attempting speed test
07/27/20:00:00:24 Speed test completed
07/27/20:00:00:49 Running job 3
07/27/20:00:00:49 Attempting speed test
07/27/20:00:00:49 Speed test completed
07/27/20:01:00:00 Running job 1
07/27/20:01:00:00 Attempting speed test
07/27/20:01:00:00 Speed test completed
07/27/20:01:00:25 Running job 2
07/27/20:01:00:25 Attempting speed test
07/27/20:01:00:25 Speed test completed
07/27/20:01:00:49 Running job 3
07/27/20:01:00:49 Attempting speed test
07/27/20:01:00:49 Speed test completed
07/27/20:02:00:00 Running job 1
07/27/20:02:00:00 Attempting speed test
07/27/20:02:00:00 Speed test completed
07/27/20:02:00:25 Running job 2
07/27/20:02:00:25 Attempting speed test
07/27/20:02:00:25 Speed test completed
07/27/20:02:00:49 Running job 3
07/27/20:02:00:49 Attempting speed test
07/27/20:02:00:49 Speed test completed
07/27/20:08:00:00 Running job 1
07/27/20:08:00:00 Attempting speed test
07/27/20:08:00:00 Speed test completed
07/27/20:08:00:24 Running job 2
07/27/20:08:00:24 Attempting speed test
07/27/20:08:00:24 Speed test completed
07/27/20:08:00:50 Running job 3
07/27/20:08:00:50 Attempting speed test
07/27/20:08:00:50 Speed test completed
07/27/20:13:00:00 Running job 1
07/27/20:13:00:00 Attempting speed test
07/27/20:13:00:00 Speed test completed
07/27/20:13:00:26 Running job 2
07/27/20:13:00:26 Attempting speed test
07/27/20:13:00:26 Speed test completed
07/27/20:13:00:50 Running job 3
07/27/20:13:00:50 Attempting speed test
07/27/20:13:00:50 Speed test completed
07/27/20:14:00:01 Running job 1
07/27/20:14:00:01 Attempting speed test
07/27/20:14:00:01 Speed test completed
07/27/20:14:00:36 Running job 2
07/27/20:14:00:36 Attempting speed test
07/27/20:14:00:36 Speed test completed
07/27/20:14:01:07 Running job 3
07/27/20:14:01:07 Attempting speed test
07/27/20:14:01:07 Speed test completed
07/27/20:15:00:00 Running job 1
07/27/20:15:00:00 Attempting speed test
07/27/20:15:00:00 Speed test completed
07/27/20:15:00:28 Running job 2
07/27/20:15:00:28 Attempting speed test
07/27/20:15:00:28 Speed test completed
07/27/20:15:00:52 Running job 3
07/27/20:15:00:52 Attempting speed test
07/27/20:15:00:52 Speed test completed
07/27/20:17:00:00 Running job 1
07/27/20:17:00:00 Attempting speed test
07/27/20:17:00:00 Speed test completed
07/27/20:17:00:25 Running job 2
07/27/20:17:00:25 Attempting speed test
07/27/20:17:00:25 Speed test completed
07/27/20:17:00:49 Running job 3
07/27/20:17:00:50 Attempting speed test
07/27/20:17:00:50 Speed test completed
07/27/20:19:00:00 Running job 1
07/27/20:19:00:00 Attempting speed test
07/27/20:19:00:00 Speed test completed
07/27/20:19:00:35 Running job 2
07/27/20:19:00:35 Attempting speed test
07/27/20:19:00:35 Speed test completed
07/27/20:19:01:00 Running job 3
07/27/20:19:01:00 Attempting speed test
07/27/20:19:01:00 Speed test completed
07/27/20:20:00:01 Running job 1
07/27/20:20:00:01 Attempting speed test
07/27/20:20:00:01 Speed test completed
07/27/20:20:00:26 Running job 2
07/27/20:20:00:26 Attempting speed test
07/27/20:20:00:26 Speed test completed
07/27/20:20:00:55 Running job 3
07/27/20:20:00:55 Attempting speed test
07/27/20:20:00:55 Speed test completed
07/27/20:21:00:00 Running job 1
07/27/20:21:00:00 Attempting speed test
07/27/20:21:00:00 Speed test completed
07/27/20:21:00:30 Running job 2
07/27/20:21:00:30 Attempting speed test
07/27/20:21:00:30 Speed test completed
07/27/20:21:00:56 Running job 3
07/27/20:21:00:56 Attempting speed test
07/27/20:21:00:56 Speed test completed
07/27/20:22:00:01 Running job 1
07/27/20:22:00:01 Attempting speed test
07/27/20:22:00:01 Speed test completed
07/27/20:22:00:28 Running job 2
07/27/20:22:00:28 Attempting speed test
07/27/20:22:00:28 Speed test completed
07/27/20:22:00:59 Running job 3
07/27/20:22:00:59 Attempting speed test
07/27/20:22:00:59 Speed test completed
07/27/20:23:00:00 Running job 1
07/27/20:23:00:00 Attempting speed test
07/27/20:23:00:00 Speed test completed
07/27/20:23:00:28 Running job 2
07/27/20:23:00:28 Attempting speed test
07/27/20:23:00:28 Speed test completed
07/27/20:23:00:55 Running job 3
07/27/20:23:00:55 Attempting speed test
07/27/20:23:00:55 Speed test completed
07/28/20:01:00:00 Running job 1
07/28/20:01:00:00 Attempting speed test
07/28/20:01:00:00 Speed test completed
07/28/20:01:00:25 Running job 2
07/28/20:01:00:25 Attempting speed test
07/28/20:01:00:25 Speed test completed
07/28/20:01:00:48 Running job 3
07/28/20:01:00:48 Attempting speed test
07/28/20:01:00:48 Speed test completed
07/28/20:02:00:00 Running job 1
07/28/20:02:00:00 Attempting speed test
07/28/20:02:00:00 Speed test completed
07/28/20:02:00:25 Running job 2
07/28/20:02:00:25 Attempting speed test
07/28/20:02:00:25 Speed test completed
07/28/20:02:00:49 Running job 3
07/28/20:02:00:49 Attempting speed test
07/28/20:02:00:49 Speed test completed
07/28/20:08:00:01 Running job 1
07/28/20:08:00:01 Attempting speed test
07/28/20:08:00:01 Speed test completed
07/28/20:08:00:27 Running job 2
07/28/20:08:00:27 Attempting speed test
07/28/20:08:00:27 Speed test completed
07/28/20:08:00:50 Running job 3
07/28/20:08:00:50 Attempting speed test
07/28/20:08:00:50 Speed test completed
07/28/20:09:00:00 Running job 1
07/28/20:09:00:00 Attempting speed test
07/28/20:09:00:00 Speed test completed
07/28/20:09:00:24 Running job 2
07/28/20:09:00:24 Attempting speed test
07/28/20:09:00:24 Speed test completed
07/28/20:09:00:48 Running job 3
07/28/20:09:00:48 Attempting speed test
07/28/20:09:00:48 Speed test completed
07/28/20:10:00:00 Running job 1
07/28/20:10:00:00 Attempting speed test
07/28/20:10:00:00 Speed test completed
07/28/20:10:00:27 Running job 2
07/28/20:10:00:27 Attempting speed test
07/28/20:10:00:27 Speed test completed
07/28/20:10:00:52 Running job 3
07/28/20:10:00:52 Attempting speed test
07/28/20:10:00:52 Speed test completed
07/28/20:11:00:00 Running job 1
07/28/20:11:00:00 Attempting speed test
07/28/20:11:00:00 Speed test completed
07/28/20:11:00:27 Running job 2
07/28/20:11:00:27 Attempting speed test
07/28/20:11:00:27 Speed test completed
07/28/20:11:01:01 Running job 3
07/28/20:11:01:01 Attempting speed test
07/28/20:11:01:01 Speed test completed
07/28/20:12:00:00 Running job 1
07/28/20:12:00:00 Attempting speed test
07/28/20:12:00:00 Speed test completed
07/28/20:12:00:29 Running job 2
07/28/20:12:00:29 Attempting speed test
07/28/20:12:00:29 Speed test completed
07/28/20:12:00:58 Running job 3
07/28/20:12:00:58 Attempting speed test
07/28/20:12:00:58 Speed test completed
07/28/20:13:00:00 Running job 1
07/28/20:13:00:00 Attempting speed test
07/28/20:13:00:00 Speed test completed
07/28/20:13:00:25 Running job 2
07/28/20:13:00:25 Attempting speed test
07/28/20:13:00:25 Speed test completed
07/28/20:13:03:47 Running job 3
07/28/20:13:03:47 Attempting speed test
07/28/20:13:03:47 Speed test completed
07/28/20:14:00:00 Running job 1
07/28/20:14:00:00 Attempting speed test
07/28/20:14:00:00 Speed test completed
07/28/20:14:00:27 Running job 2
07/28/20:14:00:27 Attempting speed test
07/28/20:14:00:27 Speed test completed
07/28/20:14:00:52 Running job 3
07/28/20:14:00:52 Attempting speed test
07/28/20:14:00:52 Speed test completed
07/28/20:15:00:00 Running job 1
07/28/20:15:00:00 Attempting speed test
07/28/20:15:00:00 Speed test completed
07/28/20:15:00:25 Running job 2
07/28/20:15:00:25 Attempting speed test
07/28/20:15:00:25 Speed test completed
07/28/20:15:00:49 Running job 3
07/28/20:15:00:49 Attempting speed test
07/28/20:15:00:49 Speed test completed
07/28/20:16:00:01 Running job 1
07/28/20:16:00:01 Attempting speed test
07/28/20:16:00:01 Speed test completed
07/28/20:16:00:26 Running job 2
07/28/20:16:00:26 Attempting speed test
07/28/20:16:00:26 Speed test completed
07/28/20:16:00:49 Running job 3
07/28/20:16:00:49 Attempting speed test
07/28/20:16:00:49 Speed test completed
07/28/20:17:00:00 Running job 1
07/28/20:17:00:00 Attempting speed test
07/28/20:17:00:00 Speed test completed
07/28/20:17:00:24 Running job 2
07/28/20:17:00:24 Attempting speed test
07/28/20:17:00:24 Speed test completed
07/28/20:17:00:48 Running job 3
07/28/20:17:00:48 Attempting speed test
07/28/20:17:00:48 Speed test completed
07/28/20:18:00:00 Running job 1
07/28/20:18:00:00 Attempting speed test
07/28/20:18:00:00 Speed test completed
07/28/20:18:00:26 Running job 2
07/28/20:18:00:26 Attempting speed test
07/28/20:18:00:26 Speed test completed
07/28/20:18:00:50 Running job 3
07/28/20:18:00:50 Attempting speed test
07/28/20:18:00:50 Speed test completed
07/28/20:20:00:00 Running job 1
07/28/20:20:00:00 Attempting speed test
07/28/20:20:00:00 Speed test completed
07/28/20:20:00:24 Running job 2
07/28/20:20:00:24 Attempting speed test
07/28/20:20:00:24 Speed test completed
07/28/20:20:00:48 Running job 3
07/28/20:20:00:48 Attempting speed test
07/28/20:20:00:48 Speed test completed
07/28/20:21:00:00 Running job 1
07/28/20:21:00:00 Attempting speed test
07/28/20:21:00:00 Speed test completed
07/28/20:21:00:38 Running job 2
07/28/20:21:00:39 Attempting speed test
07/28/20:21:00:39 Speed test completed
07/28/20:21:01:10 Running job 3
07/28/20:21:01:10 Attempting speed test
07/28/20:21:01:10 Internet connection down
07/28/20:22:00:00 Running job 1
07/28/20:22:00:00 Attempting speed test
07/28/20:22:00:00 Speed test completed
07/28/20:22:00:34 Running job 2
07/28/20:22:00:34 Attempting speed test
07/28/20:22:00:34 Speed test completed
07/28/20:22:01:00 Running job 3
07/28/20:22:01:00 Attempting speed test
07/28/20:22:01:00 Speed test completed
07/28/20:23:00:00 Running job 1
07/28/20:23:00:00 Attempting speed test
07/28/20:23:00:00 Speed test completed
07/28/20:23:00:26 Running job 2
07/28/20:23:00:26 Attempting speed test
07/28/20:23:00:26 Speed test completed
07/28/20:23:00:50 Running job 3
07/28/20:23:00:50 Attempting speed test
07/28/20:23:00:50 Speed test completed
07/29/20:00:00:00 Running job 1
07/29/20:00:00:00 Attempting speed test
07/29/20:00:00:00 Speed test completed
07/29/20:00:00:24 Running job 2
07/29/20:00:00:24 Attempting speed test
07/29/20:00:00:24 Speed test completed
07/29/20:00:00:49 Running job 3
07/29/20:00:00:49 Attempting speed test
07/29/20:00:00:49 Speed test completed
07/29/20:01:00:00 Running job 1
07/29/20:01:00:00 Attempting speed test
07/29/20:01:00:00 Speed test completed
07/29/20:01:00:26 Running job 2
07/29/20:01:00:26 Attempting speed test
07/29/20:01:00:26 Speed test completed
07/29/20:01:00:50 Running job 3
07/29/20:01:00:51 Attempting speed test
07/29/20:01:00:51 Speed test completed
07/29/20:02:00:00 Running job 1
07/29/20:02:00:00 Attempting speed test
07/29/20:02:00:00 Speed test completed
07/29/20:02:00:24 Running job 2
07/29/20:02:00:24 Attempting speed test
07/29/20:02:00:24 Speed test completed
07/29/20:02:00:49 Running job 3
07/29/20:02:00:49 Attempting speed test
07/29/20:02:00:49 Speed test completed
07/29/20:07:00:01 Running job 1
07/29/20:07:00:01 Attempting speed test
07/29/20:07:00:01 Speed test completed
07/29/20:07:00:29 Running job 2
07/29/20:07:00:29 Attempting speed test
07/29/20:07:00:29 Speed test completed
07/29/20:07:00:57 Running job 3
07/29/20:07:00:57 Attempting speed test
07/29/20:07:00:57 Speed test completed
07/29/20:08:00:00 Running job 1
07/29/20:08:00:01 Attempting speed test
07/29/20:08:00:01 Speed test completed
07/29/20:08:00:27 Running job 2
07/29/20:08:00:27 Attempting speed test
07/29/20:08:00:27 Speed test completed
07/29/20:08:00:54 Running job 3
07/29/20:08:00:54 Attempting speed test
07/29/20:08:00:54 Speed test completed
07/29/20:09:00:00 Running job 1
07/29/20:09:00:00 Attempting speed test
07/29/20:09:00:00 Speed test completed
07/29/20:09:00:28 Running job 2
07/29/20:09:00:28 Attempting speed test
07/29/20:09:00:28 Speed test completed
07/29/20:09:00:54 Running job 3
07/29/20:09:00:54 Attempting speed test
07/29/20:09:00:54 Speed test completed
07/29/20:10:00:00 Running job 1
07/29/20:10:00:00 Attempting speed test
07/29/20:10:00:00 Speed test completed
07/29/20:10:00:25 Running job 2
07/29/20:10:00:25 Attempting speed test
07/29/20:10:00:25 Speed test completed
07/29/20:10:00:51 Running job 3
07/29/20:10:00:51 Attempting speed test
07/29/20:10:00:51 Speed test completed
07/29/20:11:00:01 Running job 1
07/29/20:11:00:01 Attempting speed test
07/29/20:11:00:01 Speed test completed
07/29/20:11:00:29 Running job 2
07/29/20:11:00:29 Attempting speed test
07/29/20:11:00:29 Speed test completed
07/29/20:11:00:56 Running job 3
07/29/20:11:00:56 Attempting speed test
07/29/20:11:00:56 Speed test completed
07/29/20:12:02:00 Running job 1
07/29/20:12:02:00 Attempting speed test
07/29/20:12:02:00 Speed test completed
07/29/20:12:02:29 Running job 2
07/29/20:12:02:29 Attempting speed test
07/29/20:12:02:29 Speed test completed
07/29/20:12:02:53 Running job 3
07/29/20:12:02:53 Attempting speed test
07/29/20:12:02:53 Speed test completed
07/29/20:13:00:00 Running job 1
07/29/20:13:00:00 Attempting speed test
07/29/20:13:00:00 Speed test completed
07/29/20:13:00:27 Running job 2
07/29/20:13:00:27 Attempting speed test
07/29/20:13:00:27 Speed test completed
07/29/20:13:00:58 Running job 3
07/29/20:13:00:58 Attempting speed test
07/29/20:13:00:58 Speed test completed
07/29/20:14:00:00 Running job 1
07/29/20:14:00:01 Attempting speed test
07/29/20:14:00:01 Speed test completed
07/29/20:14:00:29 Running job 2
07/29/20:14:00:29 Attempting speed test
07/29/20:14:00:29 Speed test completed
07/29/20:14:00:56 Running job 3
07/29/20:14:00:56 Attempting speed test
07/29/20:14:00:56 Speed test completed
07/29/20:15:00:00 Running job 1
07/29/20:15:00:00 Attempting speed test
07/29/20:15:00:00 Speed test completed
07/29/20:15:00:27 Running job 2
07/29/20:15:00:27 Attempting speed test
07/29/20:15:00:27 Speed test completed
07/29/20:15:00:52 Running job 3
07/29/20:15:00:52 Attempting speed test
07/29/20:15:00:52 Speed test completed
07/29/20:16:00:00 Running job 1
07/29/20:16:00:00 Attempting speed test
07/29/20:16:00:00 Speed test completed
07/29/20:16:00:24 Running job 2
07/29/20:16:00:24 Attempting speed test
07/29/20:16:00:24 Speed test completed
07/29/20:16:00:48 Running job 3
07/29/20:16:00:48 Attempting speed test
07/29/20:16:00:48 Speed test completed
07/29/20:17:00:00 Running job 1
07/29/20:17:00:00 Attempting speed test
07/29/20:17:00:00 Speed test completed
07/29/20:17:00:25 Running job 2
07/29/20:17:00:25 Attempting speed test
07/29/20:17:00:25 Speed test completed
07/29/20:17:00:50 Running job 3
07/29/20:17:00:50 Attempting speed test
07/29/20:17:00:50 Speed test completed
07/29/20:18:00:00 Running job 1
07/29/20:18:00:00 Attempting speed test
07/29/20:18:00:00 Speed test completed
07/29/20:18:00:26 Running job 2
07/29/20:18:00:26 Attempting speed test
07/29/20:18:00:26 Speed test completed
07/29/20:18:00:49 Running job 3
07/29/20:18:00:49 Attempting speed test
07/29/20:18:00:49 Speed test completed
07/29/20:19:00:00 Running job 1
07/29/20:19:00:00 Attempting speed test
07/29/20:19:00:00 Speed test completed
07/29/20:19:00:25 Running job 2
07/29/20:19:00:25 Attempting speed test
07/29/20:19:00:25 Speed test completed
07/29/20:19:00:49 Running job 3
07/29/20:19:00:49 Attempting speed test
07/29/20:19:00:49 Speed test completed
07/29/20:20:03:51 Running job 1
07/29/20:20:03:51 Attempting speed test
07/29/20:20:03:51 Speed test completed
07/29/20:20:04:32 Running job 2
07/29/20:20:04:32 Attempting speed test
07/29/20:20:04:32 Speed test completed
07/29/20:20:05:00 Running job 3
07/29/20:20:05:00 Attempting speed test
07/29/20:20:05:00 Speed test completed
07/29/20:21:00:00 Running job 1
07/29/20:21:00:00 Attempting speed test
07/29/20:21:00:00 Speed test completed
07/29/20:21:00:26 Running job 2
07/29/20:21:00:26 Attempting speed test
07/29/20:21:00:26 Internet connection down
07/29/20:21:00:27 Running job 3
07/29/20:21:00:27 Attempting speed test
07/29/20:21:00:27 Speed test completed
07/29/20:22:05:20 Running job 1
07/29/20:22:05:20 Attempting speed test
07/29/20:22:05:20 Speed test completed
07/29/20:22:05:45 Running job 2
07/29/20:22:05:45 Attempting speed test
07/29/20:22:05:45 Speed test completed
07/29/20:22:06:09 Running job 3
07/29/20:22:06:09 Attempting speed test
07/29/20:22:06:09 Speed test completed
07/29/20:23:00:00 Running job 1
07/29/20:23:00:00 Attempting speed test
07/29/20:23:00:00 Speed test completed
07/29/20:23:00:14 Running job 2
07/29/20:23:00:14 Attempting speed test
07/29/20:23:00:14 Speed test completed
07/29/20:23:00:50 Running job 3
07/29/20:23:00:50 Attempting speed test
07/29/20:23:00:50 Speed test completed
07/30/20:08:00:00 Running job 1
07/30/20:08:00:00 Attempting speed test
07/30/20:08:00:00 Speed test completed
07/30/20:08:00:25 Running job 2
07/30/20:08:00:25 Attempting speed test
07/30/20:08:00:25 Speed test completed
07/30/20:08:00:52 Running job 3
07/30/20:08:00:52 Attempting speed test
07/30/20:08:00:52 Speed test completed
07/30/20:09:00:00 Running job 1
07/30/20:09:00:00 Attempting speed test
07/30/20:09:00:00 Speed test completed
07/30/20:09:00:25 Running job 2
07/30/20:09:00:25 Attempting speed test
07/30/20:09:00:25 Speed test completed
07/30/20:09:00:49 Running job 3
07/30/20:09:00:49 Attempting speed test
07/30/20:09:00:49 Speed test completed
07/30/20:10:00:00 Running job 1
07/30/20:10:00:00 Attempting speed test
07/30/20:10:00:00 Speed test completed
07/30/20:10:00:24 Running job 2
07/30/20:10:00:24 Attempting speed test
07/30/20:10:00:24 Speed test completed
07/30/20:10:00:47 Running job 3
07/30/20:10:00:47 Attempting speed test
07/30/20:10:00:47 Speed test completed
07/30/20:11:00:00 Running job 1
07/30/20:11:00:01 Attempting speed test
07/30/20:11:00:01 Speed test completed
07/30/20:11:00:27 Running job 2
07/30/20:11:00:27 Attempting speed test
07/30/20:11:00:27 Speed test completed
07/30/20:11:00:56 Running job 3
07/30/20:11:00:56 Attempting speed test
07/30/20:11:00:56 Speed test completed
07/30/20:12:00:00 Running job 1
07/30/20:12:00:00 Attempting speed test
07/30/20:12:00:00 Speed test completed
07/30/20:12:00:26 Running job 2
07/30/20:12:00:26 Attempting speed test
07/30/20:12:00:26 Internet connection down
07/30/20:12:00:27 Running job 3
07/30/20:12:00:27 Attempting speed test
07/30/20:12:00:27 Speed test completed
07/30/20:13:00:00 Running job 1
07/30/20:13:00:00 Attempting speed test
07/30/20:13:00:00 Speed test completed
07/30/20:13:00:26 Running job 2
07/30/20:13:00:26 Attempting speed test
07/30/20:13:00:26 Speed test completed
07/30/20:13:00:50 Running job 3
07/30/20:13:00:50 Attempting speed test
07/30/20:13:00:50 Speed test completed
07/30/20:14:00:00 Running job 1
07/30/20:14:00:01 Attempting speed test
07/30/20:14:00:01 Speed test completed
07/30/20:14:00:24 Running job 2
07/30/20:14:00:24 Attempting speed test
07/30/20:14:00:24 Speed test completed
07/30/20:14:00:50 Running job 3
07/30/20:14:00:50 Attempting speed test
07/30/20:14:00:50 Speed test completed
07/30/20:15:00:00 Running job 1
07/30/20:15:00:00 Attempting speed test
07/30/20:15:00:00 Speed test completed
07/30/20:15:00:30 Running job 2
07/30/20:15:00:30 Attempting speed test
07/30/20:15:00:30 Speed test completed
07/30/20:15:00:56 Running job 3
07/30/20:15:00:56 Attempting speed test
07/30/20:15:00:56 Speed test completed
07/30/20:16:00:00 Running job 1
07/30/20:16:00:00 Attempting speed test
07/30/20:16:00:00 Speed test completed
07/30/20:16:00:30 Running job 2
07/30/20:16:00:30 Attempting speed test
07/30/20:16:00:30 Speed test completed
07/30/20:16:00:58 Running job 3
07/30/20:16:00:58 Attempting speed test
07/30/20:16:00:58 Speed test completed
07/30/20:17:00:00 Running job 1
07/30/20:17:00:00 Attempting speed test
07/30/20:17:00:00 Speed test completed
07/30/20:17:00:28 Running job 2
07/30/20:17:00:28 Attempting speed test
07/30/20:17:00:28 Speed test completed
07/30/20:17:00:54 Running job 3
07/30/20:17:00:54 Attempting speed test
07/30/20:17:00:54 Speed test completed
07/30/20:18:00:00 Running job 1
07/30/20:18:00:00 Attempting speed test
07/30/20:18:00:00 Speed test completed
07/30/20:18:00:25 Running job 2
07/30/20:18:00:25 Attempting speed test
07/30/20:18:00:25 Speed test completed
07/30/20:18:00:49 Running job 3
07/30/20:18:00:49 Attempting speed test
07/30/20:18:00:49 Speed test completed
07/30/20:21:00:00 Running job 1
07/30/20:21:00:00 Attempting speed test
07/30/20:21:00:00 Speed test completed
07/30/20:21:00:33 Running job 2
07/30/20:21:00:33 Attempting speed test
07/30/20:21:00:33 Speed test completed
07/30/20:21:00:57 Running job 3
07/30/20:21:00:57 Attempting speed test
07/30/20:21:00:57 Speed test completed
07/30/20:22:00:00 Running job 1
07/30/20:22:00:00 Attempting speed test
07/30/20:22:00:00 Speed test completed
07/30/20:22:00:27 Running job 2
07/30/20:22:00:27 Attempting speed test
07/30/20:22:00:27 Speed test completed
07/30/20:22:00:52 Running job 3
07/30/20:22:00:52 Attempting speed test
07/30/20:22:00:52 Speed test completed
07/30/20:23:00:00 Running job 1
07/30/20:23:00:00 Attempting speed test
07/30/20:23:00:00 Speed test completed
07/30/20:23:00:25 Running job 2
07/30/20:23:00:25 Attempting speed test
07/30/20:23:00:25 Speed test completed
07/30/20:23:00:49 Running job 3
07/30/20:23:00:49 Attempting speed test
07/30/20:23:00:49 Speed test completed
07/31/20:00:00:00 Running job 1
07/31/20:00:00:00 Attempting speed test
07/31/20:00:00:00 Speed test completed
07/31/20:00:00:31 Running job 2
07/31/20:00:00:31 Attempting speed test
07/31/20:00:00:31 Speed test completed
07/31/20:00:00:59 Running job 3
07/31/20:00:00:59 Attempting speed test
07/31/20:00:00:59 Speed test completed
07/31/20:01:00:00 Running job 1
07/31/20:01:00:00 Attempting speed test
07/31/20:01:00:00 Speed test completed
07/31/20:01:00:29 Running job 2
07/31/20:01:00:29 Attempting speed test
07/31/20:01:00:29 Speed test completed
07/31/20:01:00:55 Running job 3
07/31/20:01:00:55 Attempting speed test
07/31/20:01:00:55 Speed test completed
07/31/20:02:00:00 Running job 1
07/31/20:02:00:00 Attempting speed test
07/31/20:02:00:00 Speed test completed
07/31/20:02:00:25 Running job 2
07/31/20:02:00:25 Attempting speed test
07/31/20:02:00:25 Speed test completed
07/31/20:02:00:50 Running job 3
07/31/20:02:00:50 Attempting speed test
07/31/20:02:00:50 Speed test completed
07/31/20:08:00:01 Running job 1
07/31/20:08:00:01 Attempting speed test
07/31/20:08:00:01 Speed test completed
07/31/20:08:00:26 Running job 2
07/31/20:08:00:26 Attempting speed test
07/31/20:08:00:26 Speed test completed
07/31/20:08:00:51 Running job 3
07/31/20:08:00:51 Attempting speed test
07/31/20:08:00:51 Speed test completed
07/31/20:09:00:00 Running job 1
07/31/20:09:00:00 Attempting speed test
07/31/20:09:00:00 Speed test completed
07/31/20:09:00:25 Running job 2
07/31/20:09:00:26 Attempting speed test
07/31/20:09:00:26 Speed test completed
07/31/20:09:00:50 Running job 3
07/31/20:09:00:50 Attempting speed test
07/31/20:09:00:50 Speed test completed
07/31/20:10:00:00 Running job 1
07/31/20:10:00:00 Attempting speed test
07/31/20:10:00:00 Speed test completed
07/31/20:10:00:29 Running job 2
07/31/20:10:00:29 Attempting speed test
07/31/20:10:00:29 Speed test completed
07/31/20:10:00:59 Running job 3
07/31/20:10:00:59 Attempting speed test
07/31/20:10:00:59 Speed test completed
07/31/20:11:00:00 Running job 1
07/31/20:11:00:00 Attempting speed test
07/31/20:11:00:00 Speed test completed
07/31/20:11:00:28 Running job 2
07/31/20:11:00:28 Attempting speed test
07/31/20:11:00:28 Speed test completed
07/31/20:11:00:56 Running job 3
07/31/20:11:00:56 Attempting speed test
07/31/20:11:00:56 Speed test completed
07/31/20:12:00:01 Running job 1
07/31/20:12:00:01 Attempting speed test
07/31/20:12:00:01 Speed test completed
07/31/20:12:00:29 Running job 2
07/31/20:12:00:29 Attempting speed test
07/31/20:12:00:29 Speed test completed
07/31/20:12:00:56 Running job 3
07/31/20:12:00:56 Attempting speed test
07/31/20:12:00:56 Speed test completed
07/31/20:13:00:00 Running job 1
07/31/20:13:00:00 Attempting speed test
07/31/20:13:00:00 Speed test completed
07/31/20:13:00:24 Running job 2
07/31/20:13:00:24 Attempting speed test
07/31/20:13:00:24 Speed test completed
07/31/20:13:00:48 Running job 3
07/31/20:13:00:48 Attempting speed test
07/31/20:13:00:48 Speed test completed
07/31/20:14:00:00 Running job 1
07/31/20:14:00:00 Attempting speed test
07/31/20:14:00:00 Speed test completed
07/31/20:14:00:28 Running job 2
07/31/20:14:00:28 Attempting speed test
07/31/20:14:00:28 Speed test completed
07/31/20:14:00:53 Running job 3
07/31/20:14:00:53 Attempting speed test
07/31/20:14:00:53 Speed test completed
07/31/20:15:00:00 Running job 1
07/31/20:15:00:00 Attempting speed test
07/31/20:15:00:00 Speed test completed
07/31/20:15:00:28 Running job 2
07/31/20:15:00:28 Attempting speed test
07/31/20:15:00:28 Speed test completed
07/31/20:15:00:54 Running job 3
07/31/20:15:00:54 Attempting speed test
07/31/20:15:00:54 Speed test completed
07/31/20:16:00:00 Running job 1
07/31/20:16:00:00 Attempting speed test
07/31/20:16:00:00 Speed test completed
07/31/20:16:00:29 Running job 2
07/31/20:16:00:29 Attempting speed test
07/31/20:16:00:29 Speed test completed
07/31/20:16:00:57 Running job 3
07/31/20:16:00:57 Attempting speed test
07/31/20:16:00:57 Speed test completed
07/31/20:17:00:00 Running job 1
07/31/20:17:00:00 Attempting speed test
07/31/20:17:00:00 Speed test completed
07/31/20:17:00:29 Running job 2
07/31/20:17:00:29 Attempting speed test
07/31/20:17:00:29 Speed test completed
07/31/20:17:01:01 Running job 3
07/31/20:17:01:01 Attempting speed test
07/31/20:17:01:01 Speed test completed
07/31/20:18:00:00 Running job 1
07/31/20:18:00:00 Attempting speed test
07/31/20:18:00:00 Speed test completed
07/31/20:18:00:29 Running job 2
07/31/20:18:00:29 Attempting speed test
07/31/20:18:00:29 Speed test completed
07/31/20:18:00:57 Running job 3
07/31/20:18:00:57 Attempting speed test
07/31/20:18:00:57 Speed test completed
07/31/20:19:00:00 Running job 1
07/31/20:19:00:00 Attempting speed test
07/31/20:19:00:00 Speed test completed
07/31/20:19:00:29 Running job 2
07/31/20:19:00:29 Attempting speed test
07/31/20:19:00:29 Speed test completed
07/31/20:19:00:53 Running job 3
07/31/20:19:00:53 Attempting speed test
07/31/20:19:00:53 Speed test completed
07/31/20:20:00:00 Running job 1
07/31/20:20:00:00 Attempting speed test
07/31/20:20:00:00 Speed test completed
07/31/20:20:00:38 Running job 2
07/31/20:20:00:38 Attempting speed test
07/31/20:20:00:38 Speed test completed
07/31/20:20:01:09 Running job 3
07/31/20:20:01:09 Attempting speed test
07/31/20:20:01:09 Speed test completed
07/31/20:21:00:00 Running job 1
07/31/20:21:00:00 Attempting speed test
07/31/20:21:00:00 Speed test completed
07/31/20:21:00:29 Running job 2
07/31/20:21:00:29 Attempting speed test
07/31/20:21:00:29 Speed test completed
07/31/20:21:00:54 Running job 3
07/31/20:21:00:55 Attempting speed test
07/31/20:21:00:55 Speed test completed
07/31/20:23:00:00 Running job 1
07/31/20:23:00:00 Attempting speed test
07/31/20:23:00:00 Speed test completed
07/31/20:23:00:26 Running job 2
07/31/20:23:00:26 Attempting speed test
07/31/20:23:00:26 Speed test completed
07/31/20:23:00:51 Running job 3
07/31/20:23:00:51 Attempting speed test
07/31/20:23:00:51 Speed test completed
08/01/20:02:00:00 Running job 1
08/01/20:02:00:00 Attempting speed test
08/01/20:02:00:00 Speed test completed
08/01/20:02:00:25 Running job 2
08/01/20:02:00:25 Attempting speed test
08/01/20:02:00:25 Speed test completed
08/01/20:02:00:49 Running job 3
08/01/20:02:00:49 Attempting speed test
08/01/20:02:00:49 Speed test completed
08/01/20:08:00:00 Running job 1
08/01/20:08:00:00 Attempting speed test
08/01/20:08:00:00 Speed test completed
08/01/20:08:00:27 Running job 2
08/01/20:08:00:27 Attempting speed test
08/01/20:08:00:27 Speed test completed
08/01/20:08:01:05 Running job 3
08/01/20:08:01:05 Attempting speed test
08/01/20:08:01:05 Speed test completed
08/01/20:10:00:00 Running job 1
08/01/20:10:00:00 Attempting speed test
08/01/20:10:00:00 Speed test completed
08/01/20:10:00:28 Running job 2
08/01/20:10:00:28 Attempting speed test
08/01/20:10:00:28 Speed test completed
08/01/20:10:00:52 Running job 3
08/01/20:10:00:52 Attempting speed test
08/01/20:10:00:52 Speed test completed
08/01/20:11:00:00 Running job 1
08/01/20:11:00:00 Attempting speed test
08/01/20:11:00:00 Speed test completed
08/01/20:11:00:26 Running job 2
08/01/20:11:00:26 Attempting speed test
08/01/20:11:00:26 Speed test completed
08/01/20:11:00:51 Running job 3
08/01/20:11:00:51 Attempting speed test
08/01/20:11:00:51 Speed test completed
08/01/20:12:00:00 Running job 1
08/01/20:12:00:00 Attempting speed test
08/01/20:12:00:00 Speed test completed
08/01/20:12:00:25 Running job 2
08/01/20:12:00:25 Attempting speed test
08/01/20:12:00:25 Speed test completed
08/01/20:12:00:57 Running job 3
08/01/20:12:00:57 Attempting speed test
08/01/20:12:00:57 Speed test completed
08/01/20:13:00:01 Running job 1
08/01/20:13:00:01 Attempting speed test
08/01/20:13:00:01 Speed test completed
08/01/20:13:00:25 Running job 2
08/01/20:13:00:25 Attempting speed test
08/01/20:13:00:25 Speed test completed
08/01/20:13:00:49 Running job 3
08/01/20:13:00:49 Attempting speed test
08/01/20:13:00:49 Speed test completed
08/01/20:14:00:00 Running job 1
08/01/20:14:00:00 Attempting speed test
08/01/20:14:00:00 Speed test completed
08/01/20:14:00:30 Running job 2
08/01/20:14:00:30 Attempting speed test
08/01/20:14:00:30 Speed test completed
08/01/20:14:00:54 Running job 3
08/01/20:14:00:54 Attempting speed test
08/01/20:14:00:54 Speed test completed
08/01/20:15:00:00 Running job 1
08/01/20:15:00:00 Attempting speed test
08/01/20:15:00:00 Speed test completed
08/01/20:15:00:24 Running job 2
08/01/20:15:00:24 Attempting speed test
08/01/20:15:00:24 Speed test completed
08/01/20:15:00:48 Running job 3
08/01/20:15:00:48 Attempting speed test
08/01/20:15:00:48 Speed test completed
08/01/20:16:00:00 Running job 1
08/01/20:16:00:00 Attempting speed test
08/01/20:16:00:00 Speed test completed
08/01/20:16:00:28 Running job 2
08/01/20:16:00:28 Attempting speed test
08/01/20:16:00:28 Speed test completed
08/01/20:16:01:00 Running job 3
08/01/20:16:01:00 Attempting speed test
08/01/20:16:01:00 Speed test completed
08/01/20:17:00:00 Running job 1
08/01/20:17:00:00 Attempting speed test
08/01/20:17:00:00 Speed test completed
08/01/20:17:00:24 Running job 2
08/01/20:17:00:24 Attempting speed test
08/01/20:17:00:24 Speed test completed
08/01/20:17:00:49 Running job 3
08/01/20:17:00:49 Attempting speed test
08/01/20:17:00:49 Speed test completed
08/01/20:18:00:00 Running job 1
08/01/20:18:00:00 Attempting speed test
08/01/20:18:00:00 Speed test completed
08/01/20:18:00:27 Running job 2
08/01/20:18:00:28 Attempting speed test
08/01/20:18:00:28 Speed test completed
08/01/20:18:00:54 Running job 3
08/01/20:18:00:54 Attempting speed test
08/01/20:18:00:54 Speed test completed
08/01/20:19:00:00 Running job 1
08/01/20:19:00:00 Attempting speed test
08/01/20:19:00:00 Speed test completed
08/01/20:19:00:27 Running job 2
08/01/20:19:00:27 Attempting speed test
08/01/20:19:00:27 Speed test completed
08/01/20:19:00:52 Running job 3
08/01/20:19:00:52 Attempting speed test
08/01/20:19:00:52 Speed test completed
08/01/20:20:00:00 Running job 1
08/01/20:20:00:00 Attempting speed test
08/01/20:20:00:00 Speed test completed
08/01/20:20:00:37 Running job 2
08/01/20:20:00:37 Attempting speed test
08/01/20:20:00:37 Speed test completed
08/01/20:20:01:02 Running job 3
08/01/20:20:01:02 Attempting speed test
08/01/20:20:01:02 Speed test completed
08/01/20:21:00:01 Running job 1
08/01/20:21:00:01 Attempting speed test
08/01/20:21:00:01 Speed test completed
08/01/20:21:00:27 Running job 2
08/01/20:21:00:27 Attempting speed test
08/01/20:21:00:27 Speed test completed
08/01/20:21:00:51 Running job 3
08/01/20:21:00:51 Attempting speed test
08/01/20:21:00:51 Speed test completed
08/01/20:22:00:00 Running job 1
08/01/20:22:00:00 Attempting speed test
08/01/20:22:00:00 Speed test completed
08/01/20:22:00:24 Running job 2
08/01/20:22:00:24 Attempting speed test
08/01/20:22:00:24 Speed test completed
08/01/20:22:00:48 Running job 3
08/01/20:22:00:48 Attempting speed test
08/01/20:22:00:48 Speed test completed
08/02/20:09:00:01 Running job 1
08/02/20:09:00:01 Attempting speed test
08/02/20:09:00:01 Speed test completed
08/02/20:09:00:26 Running job 2
08/02/20:09:00:26 Attempting speed test
08/02/20:09:00:26 Speed test completed
08/02/20:09:00:56 Running job 3
08/02/20:09:00:56 Attempting speed test
08/02/20:09:00:56 Speed test completed
08/02/20:10:00:00 Running job 1
08/02/20:10:00:00 Attempting speed test
08/02/20:10:00:00 Speed test completed
08/02/20:10:00:25 Running job 2
08/02/20:10:00:25 Attempting speed test
08/02/20:10:00:25 Speed test completed
08/02/20:10:00:52 Running job 3
08/02/20:10:00:52 Attempting speed test
08/02/20:10:00:52 Speed test completed
08/02/20:11:00:00 Running job 1
08/02/20:11:00:00 Attempting speed test
08/02/20:11:00:00 Speed test completed
08/02/20:11:00:24 Running job 2
08/02/20:11:00:24 Attempting speed test
08/02/20:11:00:24 Speed test completed
08/02/20:11:00:49 Running job 3
08/02/20:11:00:49 Attempting speed test
08/02/20:11:00:49 Speed test completed
08/02/20:12:00:00 Running job 1
08/02/20:12:00:00 Attempting speed test
08/02/20:12:00:00 Speed test completed
08/02/20:12:00:31 Running job 2
08/02/20:12:00:31 Attempting speed test
08/02/20:12:00:31 Speed test completed
08/02/20:12:01:00 Running job 3
08/02/20:12:01:00 Attempting speed test
08/02/20:12:01:00 Speed test completed
08/02/20:13:00:01 Running job 1
08/02/20:13:00:01 Attempting speed test
08/02/20:13:00:01 Speed test completed
08/02/20:13:00:35 Running job 2
08/02/20:13:00:35 Attempting speed test
08/02/20:13:00:35 Speed test completed
08/02/20:13:01:03 Running job 3
08/02/20:13:01:03 Attempting speed test
08/02/20:13:01:03 Speed test completed
08/02/20:14:00:00 Running job 1
08/02/20:14:00:00 Attempting speed test
08/02/20:14:00:00 Speed test completed
08/02/20:14:00:32 Running job 2
08/02/20:14:00:32 Attempting speed test
08/02/20:14:00:32 Speed test completed
08/02/20:14:00:58 Running job 3
08/02/20:14:00:58 Attempting speed test
08/02/20:14:00:58 Speed test completed
08/02/20:15:00:01 Running job 1
08/02/20:15:00:01 Attempting speed test
08/02/20:15:00:01 Speed test completed
08/02/20:15:00:25 Running job 2
08/02/20:15:00:25 Attempting speed test
08/02/20:15:00:25 Speed test completed
08/02/20:15:00:51 Running job 3
08/02/20:15:00:51 Attempting speed test
08/02/20:15:00:51 Speed test completed
08/02/20:16:00:00 Running job 1
08/02/20:16:00:00 Attempting speed test
08/02/20:16:00:00 Speed test completed
08/02/20:16:00:25 Running job 2
08/02/20:16:00:25 Attempting speed test
08/02/20:16:00:25 Speed test completed
08/02/20:16:00:51 Running job 3
08/02/20:16:00:51 Attempting speed test
08/02/20:16:00:51 Internet connection down
08/02/20:17:00:00 Running job 1
08/02/20:17:00:00 Attempting speed test
08/02/20:17:00:00 Speed test completed
08/02/20:17:00:26 Running job 2
08/02/20:17:00:26 Attempting speed test
08/02/20:17:00:26 Internet connection down
08/02/20:17:00:27 Running job 3
08/02/20:17:00:27 Attempting speed test
08/02/20:17:00:27 Speed test completed
08/02/20:18:00:00 Running job 1
08/02/20:18:00:00 Attempting speed test
08/02/20:18:00:00 Speed test completed
08/02/20:18:00:27 Running job 2
08/02/20:18:00:27 Attempting speed test
08/02/20:18:00:27 Speed test completed
08/02/20:18:00:51 Running job 3
08/02/20:18:00:51 Attempting speed test
08/02/20:18:00:51 Speed test completed
08/02/20:19:00:00 Running job 1
08/02/20:19:00:00 Attempting speed test
08/02/20:19:00:00 Speed test completed
08/02/20:19:00:25 Running job 2
08/02/20:19:00:25 Attempting speed test
08/02/20:19:00:25 Speed test completed
08/02/20:19:00:48 Running job 3
08/02/20:19:00:48 Attempting speed test
08/02/20:19:00:48 Speed test completed
08/02/20:20:00:00 Running job 1
08/02/20:20:00:00 Attempting speed test
08/02/20:20:00:00 Speed test completed
08/02/20:20:00:28 Running job 2
08/02/20:20:00:28 Attempting speed test
08/02/20:20:00:28 Speed test completed
08/02/20:20:00:53 Running job 3
08/02/20:20:00:53 Attempting speed test
08/02/20:20:00:53 Internet connection down
08/02/20:21:00:00 Running job 1
08/02/20:21:00:00 Attempting speed test
08/02/20:21:00:00 Speed test completed
08/02/20:21:34:31 Running job 2
08/02/20:21:34:31 Attempting speed test
08/02/20:21:34:31 Speed test completed
08/02/20:21:35:04 Running job 3
08/02/20:21:35:04 Attempting speed test
08/02/20:21:35:04 Internet connection down
08/02/20:22:00:00 Running job 1
08/02/20:22:00:00 Attempting speed test
08/02/20:22:00:00 Speed test completed
08/02/20:22:01:12 Running job 2
08/02/20:22:01:12 Attempting speed test
08/02/20:22:01:12 Speed test completed
08/02/20:22:02:01 Running job 3
08/02/20:22:02:01 Attempting speed test
08/02/20:22:02:01 Speed test completed
08/02/20:23:00:00 Running job 1
08/02/20:23:00:00 Attempting speed test
08/02/20:23:00:00 Speed test completed
08/02/20:23:00:32 Running job 2
08/02/20:23:00:32 Attempting speed test
08/02/20:23:00:32 Speed test completed
08/02/20:23:00:57 Running job 3
08/02/20:23:00:57 Attempting speed test
08/02/20:23:00:57 Speed test completed
08/03/20:00:00:00 Running job 1
08/03/20:00:00:00 Attempting speed test
08/03/20:00:00:00 Speed test completed
08/03/20:00:00:27 Running job 2
08/03/20:00:00:27 Attempting speed test
08/03/20:00:00:27 Speed test completed
08/03/20:00:00:51 Running job 3
08/03/20:00:00:51 Attempting speed test
08/03/20:00:00:51 Speed test completed
08/03/20:01:00:01 Running job 1
08/03/20:01:00:01 Attempting speed test
08/03/20:01:00:01 Speed test completed
08/03/20:01:00:25 Running job 2
08/03/20:01:00:25 Attempting speed test
08/03/20:01:00:25 Internet connection down
08/03/20:01:00:26 Running job 3
08/03/20:01:00:27 Attempting speed test
08/03/20:01:00:27 Speed test completed
08/03/20:08:00:00 Running job 1
08/03/20:08:00:00 Attempting speed test
08/03/20:08:00:00 Speed test completed
08/03/20:08:00:27 Running job 2
08/03/20:08:00:27 Attempting speed test
08/03/20:08:00:27 Speed test completed
08/03/20:08:00:51 Running job 3
08/03/20:08:00:51 Attempting speed test
08/03/20:08:00:51 Speed test completed
08/03/20:09:00:00 Running job 1
08/03/20:09:00:00 Attempting speed test
08/03/20:09:00:00 Speed test completed
08/03/20:09:00:25 Running job 2
08/03/20:09:00:25 Attempting speed test
08/03/20:09:00:25 Speed test completed
08/03/20:09:00:48 Running job 3
08/03/20:09:00:48 Attempting speed test
08/03/20:09:00:48 Speed test completed
08/03/20:10:00:00 Running job 1
08/03/20:10:00:00 Attempting speed test
08/03/20:10:00:00 Speed test completed
08/03/20:10:00:31 Running job 2
08/03/20:10:00:31 Attempting speed test
08/03/20:10:00:31 Speed test completed
08/03/20:10:00:59 Running job 3
08/03/20:10:00:59 Attempting speed test
08/03/20:10:00:59 Speed test completed
08/03/20:11:00:00 Running job 1
08/03/20:11:00:00 Attempting speed test
08/03/20:11:00:00 Speed test completed
08/03/20:11:00:45 Running job 2
08/03/20:11:00:45 Attempting speed test
08/03/20:11:00:45 Speed test completed
08/03/20:11:01:35 Running job 3
08/03/20:11:01:35 Attempting speed test
08/03/20:11:01:35 Speed test completed
